CRITICAL - 2025-06-28 01:02:35 --> ErrorException: Undefined variable $num1
[Method: POST, Route: catalogo/suma]
in APPPATH\Controllers\Home.php on line 34.
 1 APPPATH\Controllers\Home.php(34): CodeIgniter\Debug\Exceptions->errorHandler(2, 'Undefined variable $num1', 'C:\\xampp\\htdocs\\proyectoDW\\app\\Controllers\\Home.php', 34)
 2 SYSTEMPATH\CodeIgniter.php(933): App\Controllers\Home->suma()
 3 SYSTEMPATH\CodeIgniter.php(507): CodeIgniter\CodeIgniter->runController(Object(App\Controllers\Home))
 4 SYSTEMPATH\CodeIgniter.php(354): CodeIgniter\CodeIgniter->handleRequest(null, Object(Config\Cache), false)
 5 SYSTEMPATH\Boot.php(334): CodeIgniter\CodeIgniter->run()
 6 SYSTEMPATH\Boot.php(67): CodeIgniter\Boot::runCodeIgniter(Object(CodeIgniter\CodeIgniter))
 7 FCPATH\index.php(59): CodeIgniter\Boot::bootWeb(Object(Config\Paths))
CRITICAL - 2025-06-28 01:04:09 --> ErrorException: Undefined variable $resultado
[Method: POST, Route: catalogo/suma]
in APPPATH\Views\catalogo\vistaFormRespuesta.php on line 10.
 1 APPPATH\Views\catalogo\vistaFormRespuesta.php(10): CodeIgniter\Debug\Exceptions->errorHandler(2, 'Undefined variable $resultado', 'C:\\xampp\\htdocs\\proyectoDW\\app\\Views\\catalogo\\vistaFormRespuesta.php', 10)
 2 SYSTEMPATH\View\View.php(224): include('C:\\xampp\\htdocs\\proyectoDW\\app\\Views\\catalogo\\vistaFormRespuesta.php')
 3 SYSTEMPATH\View\View.php(227): CodeIgniter\View\View->CodeIgniter\View\{closure}()
 4 SYSTEMPATH\Common.php(1173): CodeIgniter\View\View->render('catalogo/vistaFormRespuesta', [], true)
 5 APPPATH\Controllers\Home.php(38): view('catalogo/vistaFormRespuesta', [...])
 6 SYSTEMPATH\CodeIgniter.php(933): App\Controllers\Home->suma()
 7 SYSTEMPATH\CodeIgniter.php(507): CodeIgniter\CodeIgniter->runController(Object(App\Controllers\Home))
 8 SYSTEMPATH\CodeIgniter.php(354): CodeIgniter\CodeIgniter->handleRequest(null, Object(Config\Cache), false)
 9 SYSTEMPATH\Boot.php(334): CodeIgniter\CodeIgniter->run()
10 SYSTEMPATH\Boot.php(67): CodeIgniter\Boot::runCodeIgniter(Object(CodeIgniter\CodeIgniter))
11 FCPATH\index.php(59): CodeIgniter\Boot::bootWeb(Object(Config\Paths))
CRITICAL - 2025-06-28 01:04:14 --> ErrorException: Undefined variable $resultado
[Method: POST, Route: catalogo/suma]
in APPPATH\Views\catalogo\vistaFormRespuesta.php on line 10.
 1 APPPATH\Views\catalogo\vistaFormRespuesta.php(10): CodeIgniter\Debug\Exceptions->errorHandler(2, 'Undefined variable $resultado', 'C:\\xampp\\htdocs\\proyectoDW\\app\\Views\\catalogo\\vistaFormRespuesta.php', 10)
 2 SYSTEMPATH\View\View.php(224): include('C:\\xampp\\htdocs\\proyectoDW\\app\\Views\\catalogo\\vistaFormRespuesta.php')
 3 SYSTEMPATH\View\View.php(227): CodeIgniter\View\View->CodeIgniter\View\{closure}()
 4 SYSTEMPATH\Common.php(1173): CodeIgniter\View\View->render('catalogo/vistaFormRespuesta', [], true)
 5 APPPATH\Controllers\Home.php(38): view('catalogo/vistaFormRespuesta', [...])
 6 SYSTEMPATH\CodeIgniter.php(933): App\Controllers\Home->suma()
 7 SYSTEMPATH\CodeIgniter.php(507): CodeIgniter\CodeIgniter->runController(Object(App\Controllers\Home))
 8 SYSTEMPATH\CodeIgniter.php(354): CodeIgniter\CodeIgniter->handleRequest(null, Object(Config\Cache), false)
 9 SYSTEMPATH\Boot.php(334): CodeIgniter\CodeIgniter->run()
10 SYSTEMPATH\Boot.php(67): CodeIgniter\Boot::runCodeIgniter(Object(CodeIgniter\CodeIgniter))
11 FCPATH\index.php(59): CodeIgniter\Boot::bootWeb(Object(Config\Paths))
CRITICAL - 2025-06-28 01:11:52 --> ParseError: syntax error, unexpected variable "$data"
[Method: POST, Route: catalogo/suma]
in APPPATH\Controllers\Home.php on line 34.
 1 SYSTEMPATH\Autoloader\Autoloader.php(295): CodeIgniter\Autoloader\Autoloader->includeFile('C:\\xampp\\htdocs\\proyectoDW\\app\\Controllers\\Home.php')
 2 SYSTEMPATH\Autoloader\Autoloader.php(271): CodeIgniter\Autoloader\Autoloader->loadInNamespace('App\\Controllers\\Home')
 3 [internal function]: CodeIgniter\Autoloader\Autoloader->loadClass('App\\Controllers\\Home')
 4 SYSTEMPATH\CodeIgniter.php(885): class_exists('\\App\\Controllers\\Home', true)
 5 SYSTEMPATH\CodeIgniter.php(494): CodeIgniter\CodeIgniter->startController()
 6 SYSTEMPATH\CodeIgniter.php(354): CodeIgniter\CodeIgniter->handleRequest(null, Object(Config\Cache), false)
 7 SYSTEMPATH\Boot.php(334): CodeIgniter\CodeIgniter->run()
 8 SYSTEMPATH\Boot.php(67): CodeIgniter\Boot::runCodeIgniter(Object(CodeIgniter\CodeIgniter))
 9 FCPATH\index.php(59): CodeIgniter\Boot::bootWeb(Object(Config\Paths))
CRITICAL - 2025-06-28 01:34:53 --> CodeIgniter\Router\Exceptions\RouterException: The namespace delimiter is a backslash (\), not a slash (/). Route handler: "\App\Controllers\semana9/SumaController::funcSumar"
[Method: GET, Route: suma]
in SYSTEMPATH\Router\Router.php on line 496.
 1 SYSTEMPATH\Router\Router.php(496): CodeIgniter\Router\Exceptions\RouterException::forInvalidControllerName('\\App\\Controllers\\semana9/SumaController::funcSumar')
 2 SYSTEMPATH\Router\Router.php(213): CodeIgniter\Router\Router->checkRoutes('suma')
 3 SYSTEMPATH\CodeIgniter.php(832): CodeIgniter\Router\Router->handle('suma')
 4 SYSTEMPATH\CodeIgniter.php(455): CodeIgniter\CodeIgniter->tryToRouteIt(Object(CodeIgniter\Router\RouteCollection))
 5 SYSTEMPATH\CodeIgniter.php(354): CodeIgniter\CodeIgniter->handleRequest(null, Object(Config\Cache), false)
 6 SYSTEMPATH\Boot.php(334): CodeIgniter\CodeIgniter->run()
 7 SYSTEMPATH\Boot.php(67): CodeIgniter\Boot::runCodeIgniter(Object(CodeIgniter\CodeIgniter))
 8 FCPATH\index.php(59): CodeIgniter\Boot::bootWeb(Object(Config\Paths))
CRITICAL - 2025-06-28 02:16:55 --> ErrorException: Undefined variable $respuesta
[Method: POST, Route: suma/respuesta]
in APPPATH\Views\clase_semana_9\sumaRespuesta.php on line 10.
 1 APPPATH\Views\clase_semana_9\sumaRespuesta.php(10): CodeIgniter\Debug\Exceptions->errorHandler(2, 'Undefined variable $respuesta', 'C:\\xampp\\htdocs\\proyectoDW\\app\\Views\\clase_semana_9\\sumaRespuesta.php', 10)
 2 SYSTEMPATH\View\View.php(224): include('C:\\xampp\\htdocs\\proyectoDW\\app\\Views\\clase_semana_9\\sumaRespuesta.php')
 3 SYSTEMPATH\View\View.php(227): CodeIgniter\View\View->CodeIgniter\View\{closure}()
 4 SYSTEMPATH\Common.php(1173): CodeIgniter\View\View->render('clase_semana_9/sumaRespuesta', [], true)
 5 APPPATH\Controllers\semana9\SumaController.php(26): view('clase_semana_9/sumaRespuesta', [...])
 6 SYSTEMPATH\CodeIgniter.php(933): App\Controllers\semana9\SumaController->funcRespuesta()
 7 SYSTEMPATH\CodeIgniter.php(507): CodeIgniter\CodeIgniter->runController(Object(App\Controllers\semana9\SumaController))
 8 SYSTEMPATH\CodeIgniter.php(354): CodeIgniter\CodeIgniter->handleRequest(null, Object(Config\Cache), false)
 9 SYSTEMPATH\Boot.php(334): CodeIgniter\CodeIgniter->run()
10 SYSTEMPATH\Boot.php(67): CodeIgniter\Boot::runCodeIgniter(Object(CodeIgniter\CodeIgniter))
11 FCPATH\index.php(59): CodeIgniter\Boot::bootWeb(Object(Config\Paths))
CRITICAL - 2025-06-28 14:20:57 --> CodeIgniter\View\Exceptions\ViewException: Invalid file: "clase_semana_9/suma.php"
[Method: GET, Route: suma]
in SYSTEMPATH\Exceptions\FrameworkException.php on line 39.
 1 SYSTEMPATH\View\View.php(212): CodeIgniter\Exceptions\FrameworkException::forInvalidFile('clase_semana_9/suma.php')
 2 SYSTEMPATH\Common.php(1173): CodeIgniter\View\View->render('clase_semana_9/suma', [], true)
 3 APPPATH\Controllers\semana9\SumaController.php(11): view('clase_semana_9/suma')
 4 SYSTEMPATH\CodeIgniter.php(933): App\Controllers\semana9\SumaController->funcSumar()
 5 SYSTEMPATH\CodeIgniter.php(507): CodeIgniter\CodeIgniter->runController(Object(App\Controllers\semana9\SumaController))
 6 SYSTEMPATH\CodeIgniter.php(354): CodeIgniter\CodeIgniter->handleRequest(null, Object(Config\Cache), false)
 7 SYSTEMPATH\Boot.php(334): CodeIgniter\CodeIgniter->run()
 8 SYSTEMPATH\Boot.php(67): CodeIgniter\Boot::runCodeIgniter(Object(CodeIgniter\CodeIgniter))
 9 FCPATH\index.php(59): CodeIgniter\Boot::bootWeb(Object(Config\Paths))
CRITICAL - 2025-06-28 14:22:43 --> CodeIgniter\View\Exceptions\ViewException: Invalid file: "clase_semana_9/suma.php"
[Method: GET, Route: suma]
in SYSTEMPATH\Exceptions\FrameworkException.php on line 39.
 1 SYSTEMPATH\View\View.php(212): CodeIgniter\Exceptions\FrameworkException::forInvalidFile('clase_semana_9/suma.php')
 2 SYSTEMPATH\Common.php(1173): CodeIgniter\View\View->render('clase_semana_9/suma', [], true)
 3 APPPATH\Controllers\semana9\SumaController.php(11): view('clase_semana_9/suma')
 4 SYSTEMPATH\CodeIgniter.php(933): App\Controllers\semana9\SumaController->funcSumar()
 5 SYSTEMPATH\CodeIgniter.php(507): CodeIgniter\CodeIgniter->runController(Object(App\Controllers\semana9\SumaController))
 6 SYSTEMPATH\CodeIgniter.php(354): CodeIgniter\CodeIgniter->handleRequest(null, Object(Config\Cache), false)
 7 SYSTEMPATH\Boot.php(334): CodeIgniter\CodeIgniter->run()
 8 SYSTEMPATH\Boot.php(67): CodeIgniter\Boot::runCodeIgniter(Object(CodeIgniter\CodeIgniter))
 9 FCPATH\index.php(59): CodeIgniter\Boot::bootWeb(Object(Config\Paths))
CRITICAL - 2025-06-28 14:22:46 --> CodeIgniter\View\Exceptions\ViewException: Invalid file: "clase_semana_9/suma.php"
[Method: GET, Route: suma]
in SYSTEMPATH\Exceptions\FrameworkException.php on line 39.
 1 SYSTEMPATH\View\View.php(212): CodeIgniter\Exceptions\FrameworkException::forInvalidFile('clase_semana_9/suma.php')
 2 SYSTEMPATH\Common.php(1173): CodeIgniter\View\View->render('clase_semana_9/suma', [], true)
 3 APPPATH\Controllers\semana9\SumaController.php(11): view('clase_semana_9/suma')
 4 SYSTEMPATH\CodeIgniter.php(933): App\Controllers\semana9\SumaController->funcSumar()
 5 SYSTEMPATH\CodeIgniter.php(507): CodeIgniter\CodeIgniter->runController(Object(App\Controllers\semana9\SumaController))
 6 SYSTEMPATH\CodeIgniter.php(354): CodeIgniter\CodeIgniter->handleRequest(null, Object(Config\Cache), false)
 7 SYSTEMPATH\Boot.php(334): CodeIgniter\CodeIgniter->run()
 8 SYSTEMPATH\Boot.php(67): CodeIgniter\Boot::runCodeIgniter(Object(CodeIgniter\CodeIgniter))
 9 FCPATH\index.php(59): CodeIgniter\Boot::bootWeb(Object(Config\Paths))
CRITICAL - 2025-06-28 14:22:59 --> CodeIgniter\View\Exceptions\ViewException: Invalid file: "clase_semana_9/suma.php"
[Method: GET, Route: suma]
in SYSTEMPATH\Exceptions\FrameworkException.php on line 39.
 1 SYSTEMPATH\View\View.php(212): CodeIgniter\Exceptions\FrameworkException::forInvalidFile('clase_semana_9/suma.php')
 2 SYSTEMPATH\Common.php(1173): CodeIgniter\View\View->render('clase_semana_9/suma', [], true)
 3 APPPATH\Controllers\semana9\SumaController.php(11): view('clase_semana_9/suma')
 4 SYSTEMPATH\CodeIgniter.php(933): App\Controllers\semana9\SumaController->funcSumar()
 5 SYSTEMPATH\CodeIgniter.php(507): CodeIgniter\CodeIgniter->runController(Object(App\Controllers\semana9\SumaController))
 6 SYSTEMPATH\CodeIgniter.php(354): CodeIgniter\CodeIgniter->handleRequest(null, Object(Config\Cache), false)
 7 SYSTEMPATH\Boot.php(334): CodeIgniter\CodeIgniter->run()
 8 SYSTEMPATH\Boot.php(67): CodeIgniter\Boot::runCodeIgniter(Object(CodeIgniter\CodeIgniter))
 9 FCPATH\index.php(59): CodeIgniter\Boot::bootWeb(Object(Config\Paths))
CRITICAL - 2025-06-28 14:41:18 --> CodeIgniter\View\Exceptions\ViewException: Invalid file: "catalogo/header.php"
[Method: GET, Route: catalogo]
in SYSTEMPATH\Exceptions\FrameworkException.php on line 39.
 1 SYSTEMPATH\View\View.php(212): CodeIgniter\Exceptions\FrameworkException::forInvalidFile('catalogo/header.php')
 2 SYSTEMPATH\Common.php(1173): CodeIgniter\View\View->render('catalogo/header', [], true)
 3 APPPATH\Controllers\Home.php(24): view('catalogo/header')
 4 SYSTEMPATH\CodeIgniter.php(933): App\Controllers\Home->catalogo()
 5 SYSTEMPATH\CodeIgniter.php(507): CodeIgniter\CodeIgniter->runController(Object(App\Controllers\Home))
 6 SYSTEMPATH\CodeIgniter.php(354): CodeIgniter\CodeIgniter->handleRequest(null, Object(Config\Cache), false)
 7 SYSTEMPATH\Boot.php(334): CodeIgniter\CodeIgniter->run()
 8 SYSTEMPATH\Boot.php(67): CodeIgniter\Boot::runCodeIgniter(Object(CodeIgniter\CodeIgniter))
 9 FCPATH\index.php(59): CodeIgniter\Boot::bootWeb(Object(Config\Paths))
CRITICAL - 2025-06-28 14:42:35 --> CodeIgniter\View\Exceptions\ViewException: Invalid file: "clase_semana_9/vista1.php"
[Method: GET, Route: claseS9]
in SYSTEMPATH\Exceptions\FrameworkException.php on line 39.
 1 SYSTEMPATH\View\View.php(212): CodeIgniter\Exceptions\FrameworkException::forInvalidFile('clase_semana_9/vista1.php')
 2 SYSTEMPATH\Common.php(1173): CodeIgniter\View\View->render('clase_semana_9/vista1', [], true)
 3 APPPATH\Controllers\Home.php(19): view('clase_semana_9/vista1')
 4 SYSTEMPATH\CodeIgniter.php(933): App\Controllers\Home->claseS9()
 5 SYSTEMPATH\CodeIgniter.php(507): CodeIgniter\CodeIgniter->runController(Object(App\Controllers\Home))
 6 SYSTEMPATH\CodeIgniter.php(354): CodeIgniter\CodeIgniter->handleRequest(null, Object(Config\Cache), false)
 7 SYSTEMPATH\Boot.php(334): CodeIgniter\CodeIgniter->run()
 8 SYSTEMPATH\Boot.php(67): CodeIgniter\Boot::runCodeIgniter(Object(CodeIgniter\CodeIgniter))
 9 FCPATH\index.php(59): CodeIgniter\Boot::bootWeb(Object(Config\Paths))
CRITICAL - 2025-06-28 14:42:53 --> CodeIgniter\View\Exceptions\ViewException: Invalid file: "trabajoEnClase/semana_9//vista1.php"
[Method: GET, Route: claseS9]
in SYSTEMPATH\Exceptions\FrameworkException.php on line 39.
 1 SYSTEMPATH\View\View.php(212): CodeIgniter\Exceptions\FrameworkException::forInvalidFile('trabajoEnClase/semana_9//vista1.php')
 2 SYSTEMPATH\Common.php(1173): CodeIgniter\View\View->render('trabajoEnClase/semana_9//vista1', [], true)
 3 APPPATH\Controllers\Home.php(19): view('trabajoEnClase/semana_9//vista1')
 4 SYSTEMPATH\CodeIgniter.php(933): App\Controllers\Home->claseS9()
 5 SYSTEMPATH\CodeIgniter.php(507): CodeIgniter\CodeIgniter->runController(Object(App\Controllers\Home))
 6 SYSTEMPATH\CodeIgniter.php(354): CodeIgniter\CodeIgniter->handleRequest(null, Object(Config\Cache), false)
 7 SYSTEMPATH\Boot.php(334): CodeIgniter\CodeIgniter->run()
 8 SYSTEMPATH\Boot.php(67): CodeIgniter\Boot::runCodeIgniter(Object(CodeIgniter\CodeIgniter))
 9 FCPATH\index.php(59): CodeIgniter\Boot::bootWeb(Object(Config\Paths))
CRITICAL - 2025-06-28 14:52:45 --> CodeIgniter\View\Exceptions\ViewException: Invalid file: "trabajoEnClase/semana_9/proyectosPersonales/juego.php"
[Method: GET, Route: /]
in SYSTEMPATH\Exceptions\FrameworkException.php on line 39.
 1 SYSTEMPATH\View\View.php(212): CodeIgniter\Exceptions\FrameworkException::forInvalidFile('trabajoEnClase/semana_9/proyectosPersonales/juego.php')
 2 SYSTEMPATH\Common.php(1173): CodeIgniter\View\View->render('trabajoEnClase/semana_9/proyectosPersonales/juego', [], true)
 3 APPPATH\Controllers\Home.php(9): view('trabajoEnClase/semana_9/proyectosPersonales/juego')
 4 SYSTEMPATH\CodeIgniter.php(933): App\Controllers\Home->index()
 5 SYSTEMPATH\CodeIgniter.php(507): CodeIgniter\CodeIgniter->runController(Object(App\Controllers\Home))
 6 SYSTEMPATH\CodeIgniter.php(354): CodeIgniter\CodeIgniter->handleRequest(null, Object(Config\Cache), false)
 7 SYSTEMPATH\Boot.php(334): CodeIgniter\CodeIgniter->run()
 8 SYSTEMPATH\Boot.php(67): CodeIgniter\Boot::runCodeIgniter(Object(CodeIgniter\CodeIgniter))
 9 FCPATH\index.php(59): CodeIgniter\Boot::bootWeb(Object(Config\Paths))
CRITICAL - 2025-06-28 14:55:30 --> CodeIgniter\View\Exceptions\ViewException: Invalid file: "clase_semana_9/ejemplo1/suma.php"
[Method: GET, Route: suma]
in SYSTEMPATH\Exceptions\FrameworkException.php on line 39.
 1 SYSTEMPATH\View\View.php(212): CodeIgniter\Exceptions\FrameworkException::forInvalidFile('clase_semana_9/ejemplo1/suma.php')
 2 SYSTEMPATH\Common.php(1173): CodeIgniter\View\View->render('clase_semana_9/ejemplo1/suma', [], true)
 3 APPPATH\Controllers\semana9\SumaController.php(11): view('clase_semana_9/ejemplo1/suma')
 4 SYSTEMPATH\CodeIgniter.php(933): App\Controllers\semana9\SumaController->funcSumar()
 5 SYSTEMPATH\CodeIgniter.php(507): CodeIgniter\CodeIgniter->runController(Object(App\Controllers\semana9\SumaController))
 6 SYSTEMPATH\CodeIgniter.php(354): CodeIgniter\CodeIgniter->handleRequest(null, Object(Config\Cache), false)
 7 SYSTEMPATH\Boot.php(334): CodeIgniter\CodeIgniter->run()
 8 SYSTEMPATH\Boot.php(67): CodeIgniter\Boot::runCodeIgniter(Object(CodeIgniter\CodeIgniter))
 9 FCPATH\index.php(59): CodeIgniter\Boot::bootWeb(Object(Config\Paths))
CRITICAL - 2025-06-28 14:58:08 --> CodeIgniter\View\Exceptions\ViewException: Invalid file: "clase_semana_9/ejemplo1/suma.php"
[Method: GET, Route: suma]
in SYSTEMPATH\Exceptions\FrameworkException.php on line 39.
 1 SYSTEMPATH\View\View.php(212): CodeIgniter\Exceptions\FrameworkException::forInvalidFile('clase_semana_9/ejemplo1/suma.php')
 2 SYSTEMPATH\Common.php(1173): CodeIgniter\View\View->render('clase_semana_9/ejemplo1/suma', [], true)
 3 APPPATH\Controllers\semana9\SumaController.php(11): view('clase_semana_9/ejemplo1/suma')
 4 SYSTEMPATH\CodeIgniter.php(933): App\Controllers\semana9\SumaController->funcSumar()
 5 SYSTEMPATH\CodeIgniter.php(507): CodeIgniter\CodeIgniter->runController(Object(App\Controllers\semana9\SumaController))
 6 SYSTEMPATH\CodeIgniter.php(354): CodeIgniter\CodeIgniter->handleRequest(null, Object(Config\Cache), false)
 7 SYSTEMPATH\Boot.php(334): CodeIgniter\CodeIgniter->run()
 8 SYSTEMPATH\Boot.php(67): CodeIgniter\Boot::runCodeIgniter(Object(CodeIgniter\CodeIgniter))
 9 FCPATH\index.php(59): CodeIgniter\Boot::bootWeb(Object(Config\Paths))
