CRITICAL - 2025-07-12 15:39:46 --> ParseError: syntax error, unexpected token "}"
[Method: GET, Route: proyectos/empleado]
in APPPATH\Controllers\proyectosPersonales\formularios\EmpleadoController.php on line 17.
 1 SYSTEMPATH\Autoloader\Autoloader.php(295): CodeIgniter\Autoloader\Autoloader->includeFile('C:\\xampp\\htdocs\\proyectoDW\\app\\Controllers\\proyectosPersonales\\formularios\\EmpleadoController.php')
 2 SYSTEMPATH\Autoloader\Autoloader.php(271): CodeIgniter\Autoloader\Autoloader->loadInNamespace('App\\Controllers\\proyectosPersonales\\formularios\\EmpleadoController')
 3 [internal function]: CodeIgniter\Autoloader\Autoloader->loadClass('App\\Controllers\\proyectosPersonales\\formularios\\EmpleadoController')
 4 SYSTEMPATH\CodeIgniter.php(885): class_exists('\\App\\Controllers\\proyectosPersonales\\formularios\\EmpleadoController', true)
 5 SYSTEMPATH\CodeIgniter.php(494): CodeIgniter\CodeIgniter->startController()
 6 SYSTEMPATH\CodeIgniter.php(354): CodeIgniter\CodeIgniter->handleRequest(null, Object(Config\Cache), false)
 7 SYSTEMPATH\Boot.php(334): CodeIgniter\CodeIgniter->run()
 8 SYSTEMPATH\Boot.php(67): CodeIgniter\Boot::runCodeIgniter(Object(CodeIgniter\CodeIgniter))
 9 FCPATH\index.php(59): CodeIgniter\Boot::bootWeb(Object(Config\Paths))
CRITICAL - 2025-07-12 16:11:48 --> ParseError: syntax error, unexpected token "class", expecting "," or ";"
[Method: GET, Route: proyectos/empleado]
in APPPATH\Controllers\proyectosPersonales\formularios\EmpleadoController.php on line 7.
 1 SYSTEMPATH\Autoloader\Autoloader.php(295): CodeIgniter\Autoloader\Autoloader->includeFile('C:\\xampp\\htdocs\\proyectoDW\\app\\Controllers\\proyectosPersonales\\formularios\\EmpleadoController.php')
 2 SYSTEMPATH\Autoloader\Autoloader.php(271): CodeIgniter\Autoloader\Autoloader->loadInNamespace('App\\Controllers\\proyectosPersonales\\formularios\\EmpleadoController')
 3 [internal function]: CodeIgniter\Autoloader\Autoloader->loadClass('App\\Controllers\\proyectosPersonales\\formularios\\EmpleadoController')
 4 SYSTEMPATH\CodeIgniter.php(885): class_exists('\\App\\Controllers\\proyectosPersonales\\formularios\\EmpleadoController', true)
 5 SYSTEMPATH\CodeIgniter.php(494): CodeIgniter\CodeIgniter->startController()
 6 SYSTEMPATH\CodeIgniter.php(354): CodeIgniter\CodeIgniter->handleRequest(null, Object(Config\Cache), false)
 7 SYSTEMPATH\Boot.php(334): CodeIgniter\CodeIgniter->run()
 8 SYSTEMPATH\Boot.php(67): CodeIgniter\Boot::runCodeIgniter(Object(CodeIgniter\CodeIgniter))
 9 FCPATH\index.php(59): CodeIgniter\Boot::bootWeb(Object(Config\Paths))
CRITICAL - 2025-07-12 16:24:25 --> Error: Object of class App\Models\formularios\EmpleadoModel could not be converted to string
[Method: POST, Route: proyectos/empleado/post]
in APPPATH\Controllers\proyectosPersonales\formularios\EmpleadoController.php on line 23.
 1 SYSTEMPATH\CodeIgniter.php(933): App\Controllers\proyectosPersonales\formularios\EmpleadoController->insertarEmpleado()
 2 SYSTEMPATH\CodeIgniter.php(507): CodeIgniter\CodeIgniter->runController(Object(App\Controllers\proyectosPersonales\formularios\EmpleadoController))
 3 SYSTEMPATH\CodeIgniter.php(354): CodeIgniter\CodeIgniter->handleRequest(null, Object(Config\Cache), false)
 4 SYSTEMPATH\Boot.php(334): CodeIgniter\CodeIgniter->run()
 5 SYSTEMPATH\Boot.php(67): CodeIgniter\Boot::runCodeIgniter(Object(CodeIgniter\CodeIgniter))
 6 FCPATH\index.php(59): CodeIgniter\Boot::bootWeb(Object(Config\Paths))
ERROR - 2025-07-12 16:27:50 --> Error connecting to the database: mysqli_sql_exception: Unknown database 'bdd_code' in C:\xampp\htdocs\proyectoDW\system\Database\MySQLi\Connection.php:201
Stack trace:
#0 C:\xampp\htdocs\proyectoDW\system\Database\MySQLi\Connection.php(201): mysqli->real_connect('localhost', 'root', Object(SensitiveParameterValue), 'bdd_code', 3306, '', 0)
#1 C:\xampp\htdocs\proyectoDW\system\Database\BaseConnection.php(421): CodeIgniter\Database\MySQLi\Connection->connect(false)
#2 C:\xampp\htdocs\proyectoDW\system\Database\BaseConnection.php(620): CodeIgniter\Database\BaseConnection->initialize()
#3 C:\xampp\htdocs\proyectoDW\system\Database\BaseBuilder.php(2345): CodeIgniter\Database\BaseConnection->query('INSERT INTO `tb...', Array, false)
#4 C:\xampp\htdocs\proyectoDW\app\Models\formularios\EmpleadoModel.php(26): CodeIgniter\Database\BaseBuilder->insert(Array)
#5 C:\xampp\htdocs\proyectoDW\app\Controllers\proyectosPersonales\formularios\EmpleadoController.php(26): App\Models\formularios\EmpleadoModel->insertarEmpleadoModel(Array)
#6 C:\xampp\htdocs\proyectoDW\system\CodeIgniter.php(933): App\Controllers\proyectosPersonales\formularios\EmpleadoController->insertarEmpleado()
#7 C:\xampp\htdocs\proyectoDW\system\CodeIgniter.php(507): CodeIgniter\CodeIgniter->runController(Object(App\Controllers\proyectosPersonales\formularios\EmpleadoController))
#8 C:\xampp\htdocs\proyectoDW\system\CodeIgniter.php(354): CodeIgniter\CodeIgniter->handleRequest(NULL, Object(Config\Cache), false)
#9 C:\xampp\htdocs\proyectoDW\system\Boot.php(334): CodeIgniter\CodeIgniter->run()
#10 C:\xampp\htdocs\proyectoDW\system\Boot.php(67): CodeIgniter\Boot::runCodeIgniter(Object(CodeIgniter\CodeIgniter))
#11 C:\xampp\htdocs\proyectoDW\index.php(59): CodeIgniter\Boot::bootWeb(Object(Config\Paths))
#12 {main}

Next CodeIgniter\Database\Exceptions\DatabaseException: Unknown database 'bdd_code' in C:\xampp\htdocs\proyectoDW\system\Database\MySQLi\Connection.php:246
Stack trace:
#0 C:\xampp\htdocs\proyectoDW\system\Database\BaseConnection.php(421): CodeIgniter\Database\MySQLi\Connection->connect(false)
#1 C:\xampp\htdocs\proyectoDW\system\Database\BaseConnection.php(620): CodeIgniter\Database\BaseConnection->initialize()
#2 C:\xampp\htdocs\proyectoDW\system\Database\BaseBuilder.php(2345): CodeIgniter\Database\BaseConnection->query('INSERT INTO `tb...', Array, false)
#3 C:\xampp\htdocs\proyectoDW\app\Models\formularios\EmpleadoModel.php(26): CodeIgniter\Database\BaseBuilder->insert(Array)
#4 C:\xampp\htdocs\proyectoDW\app\Controllers\proyectosPersonales\formularios\EmpleadoController.php(26): App\Models\formularios\EmpleadoModel->insertarEmpleadoModel(Array)
#5 C:\xampp\htdocs\proyectoDW\system\CodeIgniter.php(933): App\Controllers\proyectosPersonales\formularios\EmpleadoController->insertarEmpleado()
#6 C:\xampp\htdocs\proyectoDW\system\CodeIgniter.php(507): CodeIgniter\CodeIgniter->runController(Object(App\Controllers\proyectosPersonales\formularios\EmpleadoController))
#7 C:\xampp\htdocs\proyectoDW\system\CodeIgniter.php(354): CodeIgniter\CodeIgniter->handleRequest(NULL, Object(Config\Cache), false)
#8 C:\xampp\htdocs\proyectoDW\system\Boot.php(334): CodeIgniter\CodeIgniter->run()
#9 C:\xampp\htdocs\proyectoDW\system\Boot.php(67): CodeIgniter\Boot::runCodeIgniter(Object(CodeIgniter\CodeIgniter))
#10 C:\xampp\htdocs\proyectoDW\index.php(59): CodeIgniter\Boot::bootWeb(Object(Config\Paths))
#11 {main}
CRITICAL - 2025-07-12 16:27:50 --> CodeIgniter\Database\Exceptions\DatabaseException: Unable to connect to the database.
Main connection [MySQLi]: Unknown database 'bdd_code'
[Method: POST, Route: proyectos/empleado/post]
in SYSTEMPATH\Database\BaseConnection.php on line 467.
 1 SYSTEMPATH\Database\BaseConnection.php(620): CodeIgniter\Database\BaseConnection->initialize()
 2 SYSTEMPATH\Database\BaseBuilder.php(2345): CodeIgniter\Database\BaseConnection->query('INSERT INTO `tbl_empleado` (`id`, `nombre`, `apellido`, `telf`) VALUES (:id:, :nombre:, :apellido:, :telf:)', [...], false)
 3 APPPATH\Models\formularios\EmpleadoModel.php(26): CodeIgniter\Database\BaseBuilder->insert([...])
 4 APPPATH\Controllers\proyectosPersonales\formularios\EmpleadoController.php(26): App\Models\formularios\EmpleadoModel->insertarEmpleadoModel([...])
 5 SYSTEMPATH\CodeIgniter.php(933): App\Controllers\proyectosPersonales\formularios\EmpleadoController->insertarEmpleado()
 6 SYSTEMPATH\CodeIgniter.php(507): CodeIgniter\CodeIgniter->runController(Object(App\Controllers\proyectosPersonales\formularios\EmpleadoController))
 7 SYSTEMPATH\CodeIgniter.php(354): CodeIgniter\CodeIgniter->handleRequest(null, Object(Config\Cache), false)
 8 SYSTEMPATH\Boot.php(334): CodeIgniter\CodeIgniter->run()
 9 SYSTEMPATH\Boot.php(67): CodeIgniter\Boot::runCodeIgniter(Object(CodeIgniter\CodeIgniter))
10 FCPATH\index.php(59): CodeIgniter\Boot::bootWeb(Object(Config\Paths))
ERROR - 2025-07-12 16:29:55 --> Error connecting to the database: mysqli_sql_exception: Unknown database 'bdd_code' in C:\xampp\htdocs\proyectoDW\system\Database\MySQLi\Connection.php:201
Stack trace:
#0 C:\xampp\htdocs\proyectoDW\system\Database\MySQLi\Connection.php(201): mysqli->real_connect('localhost', 'root', Object(SensitiveParameterValue), 'bdd_code', 3306, '', 0)
#1 C:\xampp\htdocs\proyectoDW\system\Database\BaseConnection.php(421): CodeIgniter\Database\MySQLi\Connection->connect(false)
#2 C:\xampp\htdocs\proyectoDW\system\Database\BaseConnection.php(620): CodeIgniter\Database\BaseConnection->initialize()
#3 C:\xampp\htdocs\proyectoDW\system\Database\BaseBuilder.php(2345): CodeIgniter\Database\BaseConnection->query('INSERT INTO `tb...', Array, false)
#4 C:\xampp\htdocs\proyectoDW\app\Models\formularios\EmpleadoModel.php(26): CodeIgniter\Database\BaseBuilder->insert(Array)
#5 C:\xampp\htdocs\proyectoDW\app\Controllers\proyectosPersonales\formularios\EmpleadoController.php(26): App\Models\formularios\EmpleadoModel->insertarEmpleadoModel(Array)
#6 C:\xampp\htdocs\proyectoDW\system\CodeIgniter.php(933): App\Controllers\proyectosPersonales\formularios\EmpleadoController->insertarEmpleado()
#7 C:\xampp\htdocs\proyectoDW\system\CodeIgniter.php(507): CodeIgniter\CodeIgniter->runController(Object(App\Controllers\proyectosPersonales\formularios\EmpleadoController))
#8 C:\xampp\htdocs\proyectoDW\system\CodeIgniter.php(354): CodeIgniter\CodeIgniter->handleRequest(NULL, Object(Config\Cache), false)
#9 C:\xampp\htdocs\proyectoDW\system\Boot.php(334): CodeIgniter\CodeIgniter->run()
#10 C:\xampp\htdocs\proyectoDW\system\Boot.php(67): CodeIgniter\Boot::runCodeIgniter(Object(CodeIgniter\CodeIgniter))
#11 C:\xampp\htdocs\proyectoDW\index.php(59): CodeIgniter\Boot::bootWeb(Object(Config\Paths))
#12 {main}

Next CodeIgniter\Database\Exceptions\DatabaseException: Unknown database 'bdd_code' in C:\xampp\htdocs\proyectoDW\system\Database\MySQLi\Connection.php:246
Stack trace:
#0 C:\xampp\htdocs\proyectoDW\system\Database\BaseConnection.php(421): CodeIgniter\Database\MySQLi\Connection->connect(false)
#1 C:\xampp\htdocs\proyectoDW\system\Database\BaseConnection.php(620): CodeIgniter\Database\BaseConnection->initialize()
#2 C:\xampp\htdocs\proyectoDW\system\Database\BaseBuilder.php(2345): CodeIgniter\Database\BaseConnection->query('INSERT INTO `tb...', Array, false)
#3 C:\xampp\htdocs\proyectoDW\app\Models\formularios\EmpleadoModel.php(26): CodeIgniter\Database\BaseBuilder->insert(Array)
#4 C:\xampp\htdocs\proyectoDW\app\Controllers\proyectosPersonales\formularios\EmpleadoController.php(26): App\Models\formularios\EmpleadoModel->insertarEmpleadoModel(Array)
#5 C:\xampp\htdocs\proyectoDW\system\CodeIgniter.php(933): App\Controllers\proyectosPersonales\formularios\EmpleadoController->insertarEmpleado()
#6 C:\xampp\htdocs\proyectoDW\system\CodeIgniter.php(507): CodeIgniter\CodeIgniter->runController(Object(App\Controllers\proyectosPersonales\formularios\EmpleadoController))
#7 C:\xampp\htdocs\proyectoDW\system\CodeIgniter.php(354): CodeIgniter\CodeIgniter->handleRequest(NULL, Object(Config\Cache), false)
#8 C:\xampp\htdocs\proyectoDW\system\Boot.php(334): CodeIgniter\CodeIgniter->run()
#9 C:\xampp\htdocs\proyectoDW\system\Boot.php(67): CodeIgniter\Boot::runCodeIgniter(Object(CodeIgniter\CodeIgniter))
#10 C:\xampp\htdocs\proyectoDW\index.php(59): CodeIgniter\Boot::bootWeb(Object(Config\Paths))
#11 {main}
CRITICAL - 2025-07-12 16:29:55 --> CodeIgniter\Database\Exceptions\DatabaseException: Unable to connect to the database.
Main connection [MySQLi]: Unknown database 'bdd_code'
[Method: POST, Route: proyectos/empleado/post]
in SYSTEMPATH\Database\BaseConnection.php on line 467.
 1 SYSTEMPATH\Database\BaseConnection.php(620): CodeIgniter\Database\BaseConnection->initialize()
 2 SYSTEMPATH\Database\BaseBuilder.php(2345): CodeIgniter\Database\BaseConnection->query('INSERT INTO `tbl_empleado` (`id`, `nombre`, `apellido`, `telf`) VALUES (:id:, :nombre:, :apellido:, :telf:)', [...], false)
 3 APPPATH\Models\formularios\EmpleadoModel.php(26): CodeIgniter\Database\BaseBuilder->insert([...])
 4 APPPATH\Controllers\proyectosPersonales\formularios\EmpleadoController.php(26): App\Models\formularios\EmpleadoModel->insertarEmpleadoModel([...])
 5 SYSTEMPATH\CodeIgniter.php(933): App\Controllers\proyectosPersonales\formularios\EmpleadoController->insertarEmpleado()
 6 SYSTEMPATH\CodeIgniter.php(507): CodeIgniter\CodeIgniter->runController(Object(App\Controllers\proyectosPersonales\formularios\EmpleadoController))
 7 SYSTEMPATH\CodeIgniter.php(354): CodeIgniter\CodeIgniter->handleRequest(null, Object(Config\Cache), false)
 8 SYSTEMPATH\Boot.php(334): CodeIgniter\CodeIgniter->run()
 9 SYSTEMPATH\Boot.php(67): CodeIgniter\Boot::runCodeIgniter(Object(CodeIgniter\CodeIgniter))
10 FCPATH\index.php(59): CodeIgniter\Boot::bootWeb(Object(Config\Paths))
ERROR - 2025-07-12 16:30:51 --> Error connecting to the database: mysqli_sql_exception: Unknown database 'bdd_code' in C:\xampp\htdocs\proyectoDW\system\Database\MySQLi\Connection.php:201
Stack trace:
#0 C:\xampp\htdocs\proyectoDW\system\Database\MySQLi\Connection.php(201): mysqli->real_connect('localhost', 'root', Object(SensitiveParameterValue), 'bdd_code', 3306, '', 0)
#1 C:\xampp\htdocs\proyectoDW\system\Database\BaseConnection.php(421): CodeIgniter\Database\MySQLi\Connection->connect(false)
#2 C:\xampp\htdocs\proyectoDW\system\Database\BaseConnection.php(620): CodeIgniter\Database\BaseConnection->initialize()
#3 C:\xampp\htdocs\proyectoDW\system\Database\BaseBuilder.php(2345): CodeIgniter\Database\BaseConnection->query('INSERT INTO `tb...', Array, false)
#4 C:\xampp\htdocs\proyectoDW\app\Models\formularios\EmpleadoModel.php(26): CodeIgniter\Database\BaseBuilder->insert(Array)
#5 C:\xampp\htdocs\proyectoDW\app\Controllers\proyectosPersonales\formularios\EmpleadoController.php(26): App\Models\formularios\EmpleadoModel->insertarEmpleadoModel(Array)
#6 C:\xampp\htdocs\proyectoDW\system\CodeIgniter.php(933): App\Controllers\proyectosPersonales\formularios\EmpleadoController->insertarEmpleado()
#7 C:\xampp\htdocs\proyectoDW\system\CodeIgniter.php(507): CodeIgniter\CodeIgniter->runController(Object(App\Controllers\proyectosPersonales\formularios\EmpleadoController))
#8 C:\xampp\htdocs\proyectoDW\system\CodeIgniter.php(354): CodeIgniter\CodeIgniter->handleRequest(NULL, Object(Config\Cache), false)
#9 C:\xampp\htdocs\proyectoDW\system\Boot.php(334): CodeIgniter\CodeIgniter->run()
#10 C:\xampp\htdocs\proyectoDW\system\Boot.php(67): CodeIgniter\Boot::runCodeIgniter(Object(CodeIgniter\CodeIgniter))
#11 C:\xampp\htdocs\proyectoDW\index.php(59): CodeIgniter\Boot::bootWeb(Object(Config\Paths))
#12 {main}

Next CodeIgniter\Database\Exceptions\DatabaseException: Unknown database 'bdd_code' in C:\xampp\htdocs\proyectoDW\system\Database\MySQLi\Connection.php:246
Stack trace:
#0 C:\xampp\htdocs\proyectoDW\system\Database\BaseConnection.php(421): CodeIgniter\Database\MySQLi\Connection->connect(false)
#1 C:\xampp\htdocs\proyectoDW\system\Database\BaseConnection.php(620): CodeIgniter\Database\BaseConnection->initialize()
#2 C:\xampp\htdocs\proyectoDW\system\Database\BaseBuilder.php(2345): CodeIgniter\Database\BaseConnection->query('INSERT INTO `tb...', Array, false)
#3 C:\xampp\htdocs\proyectoDW\app\Models\formularios\EmpleadoModel.php(26): CodeIgniter\Database\BaseBuilder->insert(Array)
#4 C:\xampp\htdocs\proyectoDW\app\Controllers\proyectosPersonales\formularios\EmpleadoController.php(26): App\Models\formularios\EmpleadoModel->insertarEmpleadoModel(Array)
#5 C:\xampp\htdocs\proyectoDW\system\CodeIgniter.php(933): App\Controllers\proyectosPersonales\formularios\EmpleadoController->insertarEmpleado()
#6 C:\xampp\htdocs\proyectoDW\system\CodeIgniter.php(507): CodeIgniter\CodeIgniter->runController(Object(App\Controllers\proyectosPersonales\formularios\EmpleadoController))
#7 C:\xampp\htdocs\proyectoDW\system\CodeIgniter.php(354): CodeIgniter\CodeIgniter->handleRequest(NULL, Object(Config\Cache), false)
#8 C:\xampp\htdocs\proyectoDW\system\Boot.php(334): CodeIgniter\CodeIgniter->run()
#9 C:\xampp\htdocs\proyectoDW\system\Boot.php(67): CodeIgniter\Boot::runCodeIgniter(Object(CodeIgniter\CodeIgniter))
#10 C:\xampp\htdocs\proyectoDW\index.php(59): CodeIgniter\Boot::bootWeb(Object(Config\Paths))
#11 {main}
CRITICAL - 2025-07-12 16:30:51 --> CodeIgniter\Database\Exceptions\DatabaseException: Unable to connect to the database.
Main connection [MySQLi]: Unknown database 'bdd_code'
[Method: POST, Route: proyectos/empleado/post]
in SYSTEMPATH\Database\BaseConnection.php on line 467.
 1 SYSTEMPATH\Database\BaseConnection.php(620): CodeIgniter\Database\BaseConnection->initialize()
 2 SYSTEMPATH\Database\BaseBuilder.php(2345): CodeIgniter\Database\BaseConnection->query('INSERT INTO `tbl_empleado` (`id`, `nombre`, `apellido`, `telf`) VALUES (:id:, :nombre:, :apellido:, :telf:)', [...], false)
 3 APPPATH\Models\formularios\EmpleadoModel.php(26): CodeIgniter\Database\BaseBuilder->insert([...])
 4 APPPATH\Controllers\proyectosPersonales\formularios\EmpleadoController.php(26): App\Models\formularios\EmpleadoModel->insertarEmpleadoModel([...])
 5 SYSTEMPATH\CodeIgniter.php(933): App\Controllers\proyectosPersonales\formularios\EmpleadoController->insertarEmpleado()
 6 SYSTEMPATH\CodeIgniter.php(507): CodeIgniter\CodeIgniter->runController(Object(App\Controllers\proyectosPersonales\formularios\EmpleadoController))
 7 SYSTEMPATH\CodeIgniter.php(354): CodeIgniter\CodeIgniter->handleRequest(null, Object(Config\Cache), false)
 8 SYSTEMPATH\Boot.php(334): CodeIgniter\CodeIgniter->run()
 9 SYSTEMPATH\Boot.php(67): CodeIgniter\Boot::runCodeIgniter(Object(CodeIgniter\CodeIgniter))
10 FCPATH\index.php(59): CodeIgniter\Boot::bootWeb(Object(Config\Paths))
ERROR - 2025-07-12 16:31:33 --> mysqli_sql_exception: Unknown column 'id' in 'field list' in C:\xampp\htdocs\proyectoDW\system\Database\MySQLi\Connection.php:327
Stack trace:
#0 C:\xampp\htdocs\proyectoDW\system\Database\MySQLi\Connection.php(327): mysqli->query('INSERT INTO `tb...', 0)
#1 C:\xampp\htdocs\proyectoDW\system\Database\BaseConnection.php(738): CodeIgniter\Database\MySQLi\Connection->execute('INSERT INTO `tb...')
#2 C:\xampp\htdocs\proyectoDW\system\Database\BaseConnection.php(652): CodeIgniter\Database\BaseConnection->simpleQuery('INSERT INTO `tb...')
#3 C:\xampp\htdocs\proyectoDW\system\Database\BaseBuilder.php(2345): CodeIgniter\Database\BaseConnection->query('INSERT INTO `tb...', Array, false)
#4 C:\xampp\htdocs\proyectoDW\app\Models\formularios\EmpleadoModel.php(26): CodeIgniter\Database\BaseBuilder->insert(Array)
#5 C:\xampp\htdocs\proyectoDW\app\Controllers\proyectosPersonales\formularios\EmpleadoController.php(26): App\Models\formularios\EmpleadoModel->insertarEmpleadoModel(Array)
#6 C:\xampp\htdocs\proyectoDW\system\CodeIgniter.php(933): App\Controllers\proyectosPersonales\formularios\EmpleadoController->insertarEmpleado()
#7 C:\xampp\htdocs\proyectoDW\system\CodeIgniter.php(507): CodeIgniter\CodeIgniter->runController(Object(App\Controllers\proyectosPersonales\formularios\EmpleadoController))
#8 C:\xampp\htdocs\proyectoDW\system\CodeIgniter.php(354): CodeIgniter\CodeIgniter->handleRequest(NULL, Object(Config\Cache), false)
#9 C:\xampp\htdocs\proyectoDW\system\Boot.php(334): CodeIgniter\CodeIgniter->run()
#10 C:\xampp\htdocs\proyectoDW\system\Boot.php(67): CodeIgniter\Boot::runCodeIgniter(Object(CodeIgniter\CodeIgniter))
#11 C:\xampp\htdocs\proyectoDW\index.php(59): CodeIgniter\Boot::bootWeb(Object(Config\Paths))
#12 {main}
CRITICAL - 2025-07-12 16:31:33 --> CodeIgniter\Database\Exceptions\DatabaseException: Unknown column 'id' in 'field list'
[Method: POST, Route: proyectos/empleado/post]
in SYSTEMPATH\Database\BaseConnection.php on line 692.
 1 SYSTEMPATH\Database\BaseBuilder.php(2345): CodeIgniter\Database\BaseConnection->query('INSERT INTO `tbl_empleado` (`id`, `nombre`, `apellido`, `telf`) VALUES (:id:, :nombre:, :apellido:, :telf:)', [...], false)
 2 APPPATH\Models\formularios\EmpleadoModel.php(26): CodeIgniter\Database\BaseBuilder->insert([...])
 3 APPPATH\Controllers\proyectosPersonales\formularios\EmpleadoController.php(26): App\Models\formularios\EmpleadoModel->insertarEmpleadoModel([...])
 4 SYSTEMPATH\CodeIgniter.php(933): App\Controllers\proyectosPersonales\formularios\EmpleadoController->insertarEmpleado()
 5 SYSTEMPATH\CodeIgniter.php(507): CodeIgniter\CodeIgniter->runController(Object(App\Controllers\proyectosPersonales\formularios\EmpleadoController))
 6 SYSTEMPATH\CodeIgniter.php(354): CodeIgniter\CodeIgniter->handleRequest(null, Object(Config\Cache), false)
 7 SYSTEMPATH\Boot.php(334): CodeIgniter\CodeIgniter->run()
 8 SYSTEMPATH\Boot.php(67): CodeIgniter\Boot::runCodeIgniter(Object(CodeIgniter\CodeIgniter))
 9 FCPATH\index.php(59): CodeIgniter\Boot::bootWeb(Object(Config\Paths))
CRITICAL - 2025-07-12 16:31:33 --> [Caused by] CodeIgniter\Database\Exceptions\DatabaseException: Unknown column 'id' in 'field list'
in SYSTEMPATH\Database\MySQLi\Connection.php on line 332.
 1 SYSTEMPATH\Database\BaseConnection.php(738): CodeIgniter\Database\MySQLi\Connection->execute('INSERT INTO `tbl_empleado` (`id`, `nombre`, `apellido`, `telf`) VALUES (DEFAULT, \'nombre\', \'apellido\', \'telefono\')')
 2 SYSTEMPATH\Database\BaseConnection.php(652): CodeIgniter\Database\BaseConnection->simpleQuery('INSERT INTO `tbl_empleado` (`id`, `nombre`, `apellido`, `telf`) VALUES (DEFAULT, \'nombre\', \'apellido\', \'telefono\')')
 3 SYSTEMPATH\Database\BaseBuilder.php(2345): CodeIgniter\Database\BaseConnection->query('INSERT INTO `tbl_empleado` (`id`, `nombre`, `apellido`, `telf`) VALUES (:id:, :nombre:, :apellido:, :telf:)', [...], false)
 4 APPPATH\Models\formularios\EmpleadoModel.php(26): CodeIgniter\Database\BaseBuilder->insert([...])
 5 APPPATH\Controllers\proyectosPersonales\formularios\EmpleadoController.php(26): App\Models\formularios\EmpleadoModel->insertarEmpleadoModel([...])
 6 SYSTEMPATH\CodeIgniter.php(933): App\Controllers\proyectosPersonales\formularios\EmpleadoController->insertarEmpleado()
 7 SYSTEMPATH\CodeIgniter.php(507): CodeIgniter\CodeIgniter->runController(Object(App\Controllers\proyectosPersonales\formularios\EmpleadoController))
 8 SYSTEMPATH\CodeIgniter.php(354): CodeIgniter\CodeIgniter->handleRequest(null, Object(Config\Cache), false)
 9 SYSTEMPATH\Boot.php(334): CodeIgniter\CodeIgniter->run()
10 SYSTEMPATH\Boot.php(67): CodeIgniter\Boot::runCodeIgniter(Object(CodeIgniter\CodeIgniter))
11 FCPATH\index.php(59): CodeIgniter\Boot::bootWeb(Object(Config\Paths))
CRITICAL - 2025-07-12 16:31:33 --> [Caused by] mysqli_sql_exception: Unknown column 'id' in 'field list'
in SYSTEMPATH\Database\MySQLi\Connection.php on line 327.
 1 SYSTEMPATH\Database\MySQLi\Connection.php(327): mysqli->query('INSERT INTO `tbl_empleado` (`id`, `nombre`, `apellido`, `telf`) VALUES (DEFAULT, \'nombre\', \'apellido\', \'telefono\')', 0)
 2 SYSTEMPATH\Database\BaseConnection.php(738): CodeIgniter\Database\MySQLi\Connection->execute('INSERT INTO `tbl_empleado` (`id`, `nombre`, `apellido`, `telf`) VALUES (DEFAULT, \'nombre\', \'apellido\', \'telefono\')')
 3 SYSTEMPATH\Database\BaseConnection.php(652): CodeIgniter\Database\BaseConnection->simpleQuery('INSERT INTO `tbl_empleado` (`id`, `nombre`, `apellido`, `telf`) VALUES (DEFAULT, \'nombre\', \'apellido\', \'telefono\')')
 4 SYSTEMPATH\Database\BaseBuilder.php(2345): CodeIgniter\Database\BaseConnection->query('INSERT INTO `tbl_empleado` (`id`, `nombre`, `apellido`, `telf`) VALUES (:id:, :nombre:, :apellido:, :telf:)', [...], false)
 5 APPPATH\Models\formularios\EmpleadoModel.php(26): CodeIgniter\Database\BaseBuilder->insert([...])
 6 APPPATH\Controllers\proyectosPersonales\formularios\EmpleadoController.php(26): App\Models\formularios\EmpleadoModel->insertarEmpleadoModel([...])
 7 SYSTEMPATH\CodeIgniter.php(933): App\Controllers\proyectosPersonales\formularios\EmpleadoController->insertarEmpleado()
 8 SYSTEMPATH\CodeIgniter.php(507): CodeIgniter\CodeIgniter->runController(Object(App\Controllers\proyectosPersonales\formularios\EmpleadoController))
 9 SYSTEMPATH\CodeIgniter.php(354): CodeIgniter\CodeIgniter->handleRequest(null, Object(Config\Cache), false)
10 SYSTEMPATH\Boot.php(334): CodeIgniter\CodeIgniter->run()
11 SYSTEMPATH\Boot.php(67): CodeIgniter\Boot::runCodeIgniter(Object(CodeIgniter\CodeIgniter))
12 FCPATH\index.php(59): CodeIgniter\Boot::bootWeb(Object(Config\Paths))
ERROR - 2025-07-12 16:32:57 --> mysqli_sql_exception: Unknown column 'id' in 'field list' in C:\xampp\htdocs\proyectoDW\system\Database\MySQLi\Connection.php:327
Stack trace:
#0 C:\xampp\htdocs\proyectoDW\system\Database\MySQLi\Connection.php(327): mysqli->query('INSERT INTO `tb...', 0)
#1 C:\xampp\htdocs\proyectoDW\system\Database\BaseConnection.php(738): CodeIgniter\Database\MySQLi\Connection->execute('INSERT INTO `tb...')
#2 C:\xampp\htdocs\proyectoDW\system\Database\BaseConnection.php(652): CodeIgniter\Database\BaseConnection->simpleQuery('INSERT INTO `tb...')
#3 C:\xampp\htdocs\proyectoDW\system\Database\BaseBuilder.php(2345): CodeIgniter\Database\BaseConnection->query('INSERT INTO `tb...', Array, false)
#4 C:\xampp\htdocs\proyectoDW\app\Models\formularios\EmpleadoModel.php(26): CodeIgniter\Database\BaseBuilder->insert(Array)
#5 C:\xampp\htdocs\proyectoDW\app\Controllers\proyectosPersonales\formularios\EmpleadoController.php(26): App\Models\formularios\EmpleadoModel->insertarEmpleadoModel(Array)
#6 C:\xampp\htdocs\proyectoDW\system\CodeIgniter.php(933): App\Controllers\proyectosPersonales\formularios\EmpleadoController->insertarEmpleado()
#7 C:\xampp\htdocs\proyectoDW\system\CodeIgniter.php(507): CodeIgniter\CodeIgniter->runController(Object(App\Controllers\proyectosPersonales\formularios\EmpleadoController))
#8 C:\xampp\htdocs\proyectoDW\system\CodeIgniter.php(354): CodeIgniter\CodeIgniter->handleRequest(NULL, Object(Config\Cache), false)
#9 C:\xampp\htdocs\proyectoDW\system\Boot.php(334): CodeIgniter\CodeIgniter->run()
#10 C:\xampp\htdocs\proyectoDW\system\Boot.php(67): CodeIgniter\Boot::runCodeIgniter(Object(CodeIgniter\CodeIgniter))
#11 C:\xampp\htdocs\proyectoDW\index.php(59): CodeIgniter\Boot::bootWeb(Object(Config\Paths))
#12 {main}
CRITICAL - 2025-07-12 16:32:57 --> CodeIgniter\Database\Exceptions\DatabaseException: Unknown column 'id' in 'field list'
[Method: POST, Route: proyectos/empleado/post]
in SYSTEMPATH\Database\BaseConnection.php on line 692.
 1 SYSTEMPATH\Database\BaseBuilder.php(2345): CodeIgniter\Database\BaseConnection->query('INSERT INTO `tbl_empleado` (`id`, `nombre`, `apellido`, `telf`) VALUES (:id:, :nombre:, :apellido:, :telf:)', [...], false)
 2 APPPATH\Models\formularios\EmpleadoModel.php(26): CodeIgniter\Database\BaseBuilder->insert([...])
 3 APPPATH\Controllers\proyectosPersonales\formularios\EmpleadoController.php(26): App\Models\formularios\EmpleadoModel->insertarEmpleadoModel([...])
 4 SYSTEMPATH\CodeIgniter.php(933): App\Controllers\proyectosPersonales\formularios\EmpleadoController->insertarEmpleado()
 5 SYSTEMPATH\CodeIgniter.php(507): CodeIgniter\CodeIgniter->runController(Object(App\Controllers\proyectosPersonales\formularios\EmpleadoController))
 6 SYSTEMPATH\CodeIgniter.php(354): CodeIgniter\CodeIgniter->handleRequest(null, Object(Config\Cache), false)
 7 SYSTEMPATH\Boot.php(334): CodeIgniter\CodeIgniter->run()
 8 SYSTEMPATH\Boot.php(67): CodeIgniter\Boot::runCodeIgniter(Object(CodeIgniter\CodeIgniter))
 9 FCPATH\index.php(59): CodeIgniter\Boot::bootWeb(Object(Config\Paths))
CRITICAL - 2025-07-12 16:32:57 --> [Caused by] CodeIgniter\Database\Exceptions\DatabaseException: Unknown column 'id' in 'field list'
in SYSTEMPATH\Database\MySQLi\Connection.php on line 332.
 1 SYSTEMPATH\Database\BaseConnection.php(738): CodeIgniter\Database\MySQLi\Connection->execute('INSERT INTO `tbl_empleado` (`id`, `nombre`, `apellido`, `telf`) VALUES (DEFAULT, \'nombre\', \'apellido\', \'telefono\')')
 2 SYSTEMPATH\Database\BaseConnection.php(652): CodeIgniter\Database\BaseConnection->simpleQuery('INSERT INTO `tbl_empleado` (`id`, `nombre`, `apellido`, `telf`) VALUES (DEFAULT, \'nombre\', \'apellido\', \'telefono\')')
 3 SYSTEMPATH\Database\BaseBuilder.php(2345): CodeIgniter\Database\BaseConnection->query('INSERT INTO `tbl_empleado` (`id`, `nombre`, `apellido`, `telf`) VALUES (:id:, :nombre:, :apellido:, :telf:)', [...], false)
 4 APPPATH\Models\formularios\EmpleadoModel.php(26): CodeIgniter\Database\BaseBuilder->insert([...])
 5 APPPATH\Controllers\proyectosPersonales\formularios\EmpleadoController.php(26): App\Models\formularios\EmpleadoModel->insertarEmpleadoModel([...])
 6 SYSTEMPATH\CodeIgniter.php(933): App\Controllers\proyectosPersonales\formularios\EmpleadoController->insertarEmpleado()
 7 SYSTEMPATH\CodeIgniter.php(507): CodeIgniter\CodeIgniter->runController(Object(App\Controllers\proyectosPersonales\formularios\EmpleadoController))
 8 SYSTEMPATH\CodeIgniter.php(354): CodeIgniter\CodeIgniter->handleRequest(null, Object(Config\Cache), false)
 9 SYSTEMPATH\Boot.php(334): CodeIgniter\CodeIgniter->run()
10 SYSTEMPATH\Boot.php(67): CodeIgniter\Boot::runCodeIgniter(Object(CodeIgniter\CodeIgniter))
11 FCPATH\index.php(59): CodeIgniter\Boot::bootWeb(Object(Config\Paths))
CRITICAL - 2025-07-12 16:32:57 --> [Caused by] mysqli_sql_exception: Unknown column 'id' in 'field list'
in SYSTEMPATH\Database\MySQLi\Connection.php on line 327.
 1 SYSTEMPATH\Database\MySQLi\Connection.php(327): mysqli->query('INSERT INTO `tbl_empleado` (`id`, `nombre`, `apellido`, `telf`) VALUES (DEFAULT, \'nombre\', \'apellido\', \'telefono\')', 0)
 2 SYSTEMPATH\Database\BaseConnection.php(738): CodeIgniter\Database\MySQLi\Connection->execute('INSERT INTO `tbl_empleado` (`id`, `nombre`, `apellido`, `telf`) VALUES (DEFAULT, \'nombre\', \'apellido\', \'telefono\')')
 3 SYSTEMPATH\Database\BaseConnection.php(652): CodeIgniter\Database\BaseConnection->simpleQuery('INSERT INTO `tbl_empleado` (`id`, `nombre`, `apellido`, `telf`) VALUES (DEFAULT, \'nombre\', \'apellido\', \'telefono\')')
 4 SYSTEMPATH\Database\BaseBuilder.php(2345): CodeIgniter\Database\BaseConnection->query('INSERT INTO `tbl_empleado` (`id`, `nombre`, `apellido`, `telf`) VALUES (:id:, :nombre:, :apellido:, :telf:)', [...], false)
 5 APPPATH\Models\formularios\EmpleadoModel.php(26): CodeIgniter\Database\BaseBuilder->insert([...])
 6 APPPATH\Controllers\proyectosPersonales\formularios\EmpleadoController.php(26): App\Models\formularios\EmpleadoModel->insertarEmpleadoModel([...])
 7 SYSTEMPATH\CodeIgniter.php(933): App\Controllers\proyectosPersonales\formularios\EmpleadoController->insertarEmpleado()
 8 SYSTEMPATH\CodeIgniter.php(507): CodeIgniter\CodeIgniter->runController(Object(App\Controllers\proyectosPersonales\formularios\EmpleadoController))
 9 SYSTEMPATH\CodeIgniter.php(354): CodeIgniter\CodeIgniter->handleRequest(null, Object(Config\Cache), false)
10 SYSTEMPATH\Boot.php(334): CodeIgniter\CodeIgniter->run()
11 SYSTEMPATH\Boot.php(67): CodeIgniter\Boot::runCodeIgniter(Object(CodeIgniter\CodeIgniter))
12 FCPATH\index.php(59): CodeIgniter\Boot::bootWeb(Object(Config\Paths))
CRITICAL - 2025-07-12 16:56:26 --> ParseError: syntax error, unexpected token "return"
[Method: GET, Route: proyectos/empleado]
in APPPATH\Controllers\proyectosPersonales\formularios\EmpleadoController.php on line 34.
 1 SYSTEMPATH\Autoloader\Autoloader.php(295): CodeIgniter\Autoloader\Autoloader->includeFile('C:\\xampp\\htdocs\\proyectoDW\\app\\Controllers\\proyectosPersonales\\formularios\\EmpleadoController.php')
 2 SYSTEMPATH\Autoloader\Autoloader.php(271): CodeIgniter\Autoloader\Autoloader->loadInNamespace('App\\Controllers\\proyectosPersonales\\formularios\\EmpleadoController')
 3 [internal function]: CodeIgniter\Autoloader\Autoloader->loadClass('App\\Controllers\\proyectosPersonales\\formularios\\EmpleadoController')
 4 SYSTEMPATH\CodeIgniter.php(885): class_exists('\\App\\Controllers\\proyectosPersonales\\formularios\\EmpleadoController', true)
 5 SYSTEMPATH\CodeIgniter.php(494): CodeIgniter\CodeIgniter->startController()
 6 SYSTEMPATH\CodeIgniter.php(354): CodeIgniter\CodeIgniter->handleRequest(null, Object(Config\Cache), false)
 7 SYSTEMPATH\Boot.php(334): CodeIgniter\CodeIgniter->run()
 8 SYSTEMPATH\Boot.php(67): CodeIgniter\Boot::runCodeIgniter(Object(CodeIgniter\CodeIgniter))
 9 FCPATH\index.php(59): CodeIgniter\Boot::bootWeb(Object(Config\Paths))
CRITICAL - 2025-07-12 17:23:56 --> ParseError: syntax error, unexpected token ";", expecting "("
[Method: GET, Route: proyectos/empleado]
in APPPATH\Views\proyectosPersonales\formularios\empleado.php on line 56.
 1 SYSTEMPATH\View\View.php(227): CodeIgniter\View\View->CodeIgniter\View\{closure}()
 2 SYSTEMPATH\Common.php(1173): CodeIgniter\View\View->render('proyectosPersonales/formularios/empleado', [], true)
 3 APPPATH\Controllers\proyectosPersonales\formularios\EmpleadoController.php(14): view('proyectosPersonales/formularios/empleado', [...])
 4 SYSTEMPATH\CodeIgniter.php(933): App\Controllers\proyectosPersonales\formularios\EmpleadoController->index()
 5 SYSTEMPATH\CodeIgniter.php(507): CodeIgniter\CodeIgniter->runController(Object(App\Controllers\proyectosPersonales\formularios\EmpleadoController))
 6 SYSTEMPATH\CodeIgniter.php(354): CodeIgniter\CodeIgniter->handleRequest(null, Object(Config\Cache), false)
 7 SYSTEMPATH\Boot.php(334): CodeIgniter\CodeIgniter->run()
 8 SYSTEMPATH\Boot.php(67): CodeIgniter\Boot::runCodeIgniter(Object(CodeIgniter\CodeIgniter))
 9 FCPATH\index.php(59): CodeIgniter\Boot::bootWeb(Object(Config\Paths))
CRITICAL - 2025-07-12 17:25:38 --> ParseError: syntax error, unexpected token "/"
[Method: GET, Route: proyectos/empleado]
in APPPATH\Views\proyectosPersonales\formularios\empleado.php on line 59.
 1 SYSTEMPATH\View\View.php(227): CodeIgniter\View\View->CodeIgniter\View\{closure}()
 2 SYSTEMPATH\Common.php(1173): CodeIgniter\View\View->render('proyectosPersonales/formularios/empleado', [], true)
 3 APPPATH\Controllers\proyectosPersonales\formularios\EmpleadoController.php(14): view('proyectosPersonales/formularios/empleado', [...])
 4 SYSTEMPATH\CodeIgniter.php(933): App\Controllers\proyectosPersonales\formularios\EmpleadoController->index()
 5 SYSTEMPATH\CodeIgniter.php(507): CodeIgniter\CodeIgniter->runController(Object(App\Controllers\proyectosPersonales\formularios\EmpleadoController))
 6 SYSTEMPATH\CodeIgniter.php(354): CodeIgniter\CodeIgniter->handleRequest(null, Object(Config\Cache), false)
 7 SYSTEMPATH\Boot.php(334): CodeIgniter\CodeIgniter->run()
 8 SYSTEMPATH\Boot.php(67): CodeIgniter\Boot::runCodeIgniter(Object(CodeIgniter\CodeIgniter))
 9 FCPATH\index.php(59): CodeIgniter\Boot::bootWeb(Object(Config\Paths))
CRITICAL - 2025-07-12 17:26:34 --> ErrorException: Undefined array key "telefono"
[Method: GET, Route: proyectos/empleado]
in APPPATH\Views\proyectosPersonales\formularios\empleado.php on line 61.
 1 APPPATH\Views\proyectosPersonales\formularios\empleado.php(61): CodeIgniter\Debug\Exceptions->errorHandler(2, 'Undefined array key "telefono"', 'C:\\xampp\\htdocs\\proyectoDW\\app\\Views\\proyectosPersonales\\formularios\\empleado.php', 61)
 2 SYSTEMPATH\View\View.php(224): include('C:\\xampp\\htdocs\\proyectoDW\\app\\Views\\proyectosPersonales\\formularios\\empleado.php')
 3 SYSTEMPATH\View\View.php(227): CodeIgniter\View\View->CodeIgniter\View\{closure}()
 4 SYSTEMPATH\Common.php(1173): CodeIgniter\View\View->render('proyectosPersonales/formularios/empleado', [], true)
 5 APPPATH\Controllers\proyectosPersonales\formularios\EmpleadoController.php(14): view('proyectosPersonales/formularios/empleado', [...])
 6 SYSTEMPATH\CodeIgniter.php(933): App\Controllers\proyectosPersonales\formularios\EmpleadoController->index()
 7 SYSTEMPATH\CodeIgniter.php(507): CodeIgniter\CodeIgniter->runController(Object(App\Controllers\proyectosPersonales\formularios\EmpleadoController))
 8 SYSTEMPATH\CodeIgniter.php(354): CodeIgniter\CodeIgniter->handleRequest(null, Object(Config\Cache), false)
 9 SYSTEMPATH\Boot.php(334): CodeIgniter\CodeIgniter->run()
10 SYSTEMPATH\Boot.php(67): CodeIgniter\Boot::runCodeIgniter(Object(CodeIgniter\CodeIgniter))
11 FCPATH\index.php(59): CodeIgniter\Boot::bootWeb(Object(Config\Paths))
CRITICAL - 2025-07-12 17:26:35 --> ErrorException: Undefined array key "telefono"
[Method: GET, Route: proyectos/empleado]
in APPPATH\Views\proyectosPersonales\formularios\empleado.php on line 61.
 1 APPPATH\Views\proyectosPersonales\formularios\empleado.php(61): CodeIgniter\Debug\Exceptions->errorHandler(2, 'Undefined array key "telefono"', 'C:\\xampp\\htdocs\\proyectoDW\\app\\Views\\proyectosPersonales\\formularios\\empleado.php', 61)
 2 SYSTEMPATH\View\View.php(224): include('C:\\xampp\\htdocs\\proyectoDW\\app\\Views\\proyectosPersonales\\formularios\\empleado.php')
 3 SYSTEMPATH\View\View.php(227): CodeIgniter\View\View->CodeIgniter\View\{closure}()
 4 SYSTEMPATH\Common.php(1173): CodeIgniter\View\View->render('proyectosPersonales/formularios/empleado', [], true)
 5 APPPATH\Controllers\proyectosPersonales\formularios\EmpleadoController.php(14): view('proyectosPersonales/formularios/empleado', [...])
 6 SYSTEMPATH\CodeIgniter.php(933): App\Controllers\proyectosPersonales\formularios\EmpleadoController->index()
 7 SYSTEMPATH\CodeIgniter.php(507): CodeIgniter\CodeIgniter->runController(Object(App\Controllers\proyectosPersonales\formularios\EmpleadoController))
 8 SYSTEMPATH\CodeIgniter.php(354): CodeIgniter\CodeIgniter->handleRequest(null, Object(Config\Cache), false)
 9 SYSTEMPATH\Boot.php(334): CodeIgniter\CodeIgniter->run()
10 SYSTEMPATH\Boot.php(67): CodeIgniter\Boot::runCodeIgniter(Object(CodeIgniter\CodeIgniter))
11 FCPATH\index.php(59): CodeIgniter\Boot::bootWeb(Object(Config\Paths))
CRITICAL - 2025-07-12 17:27:25 --> Error: Undefined constant "end"
[Method: GET, Route: proyectos/empleado]
in APPPATH\Views\proyectosPersonales\formularios\empleado.php on line 63.
 1 SYSTEMPATH\View\View.php(224): include()
 2 SYSTEMPATH\View\View.php(227): CodeIgniter\View\View->CodeIgniter\View\{closure}()
 3 SYSTEMPATH\Common.php(1173): CodeIgniter\View\View->render('proyectosPersonales/formularios/empleado', [], true)
 4 APPPATH\Controllers\proyectosPersonales\formularios\EmpleadoController.php(14): view('proyectosPersonales/formularios/empleado', [...])
 5 SYSTEMPATH\CodeIgniter.php(933): App\Controllers\proyectosPersonales\formularios\EmpleadoController->index()
 6 SYSTEMPATH\CodeIgniter.php(507): CodeIgniter\CodeIgniter->runController(Object(App\Controllers\proyectosPersonales\formularios\EmpleadoController))
 7 SYSTEMPATH\CodeIgniter.php(354): CodeIgniter\CodeIgniter->handleRequest(null, Object(Config\Cache), false)
 8 SYSTEMPATH\Boot.php(334): CodeIgniter\CodeIgniter->run()
 9 SYSTEMPATH\Boot.php(67): CodeIgniter\Boot::runCodeIgniter(Object(CodeIgniter\CodeIgniter))
10 FCPATH\index.php(59): CodeIgniter\Boot::bootWeb(Object(Config\Paths))
