CRITICAL - 2025-06-29 21:35:32 --> CodeIgniter\View\Exceptions\ViewException: Invalid file: "trabajoEnClase/semana_9/catalogo/header.php"
[Method: GET, Route: deberes/semana8]
in SYSTEMPATH\Exceptions\FrameworkException.php on line 39.
 1 SYSTEMPATH\View\View.php(212): CodeIgniter\Exceptions\FrameworkException::forInvalidFile('trabajoEnClase/semana_9/catalogo/header.php')
 2 SYSTEMPATH\Common.php(1173): CodeIgniter\View\View->render('trabajoEnClase/semana_9/catalogo/header', [], true)
 3 APPPATH\Controllers\deberes\Semana_8Controller.php(12): view('trabajoEnClase/semana_9/catalogo/header')
 4 SYSTEMPATH\CodeIgniter.php(933): App\Controllers\deberes\Semana_8Controller->index()
 5 SYSTEMPATH\CodeIgniter.php(507): CodeIgniter\CodeIgniter->runController(Object(App\Controllers\deberes\Semana_8Controller))
 6 SYSTEMPATH\CodeIgniter.php(354): CodeIgniter\CodeIgniter->handleRequest(null, Object(Config\Cache), false)
 7 SYSTEMPATH\Boot.php(334): CodeIgniter\CodeIgniter->run()
 8 SYSTEMPATH\Boot.php(67): CodeIgniter\Boot::runCodeIgniter(Object(CodeIgniter\CodeIgniter))
 9 FCPATH\index.php(59): CodeIgniter\Boot::bootWeb(Object(Config\Paths))
CRITICAL - 2025-06-29 22:08:21 --> CodeIgniter\View\Exceptions\ViewException: Invalid file: "proyectosPersonales/juego.php"
[Method: GET, Route: trabajos/semana8/juego]
in SYSTEMPATH\Exceptions\FrameworkException.php on line 39.
 1 SYSTEMPATH\View\View.php(212): CodeIgniter\Exceptions\FrameworkException::forInvalidFile('proyectosPersonales/juego.php')
 2 SYSTEMPATH\Common.php(1173): CodeIgniter\View\View->render('proyectosPersonales/juego', [], true)
 3 APPPATH\Controllers\trabajoEnClase\Semana_8Controller.php(10): view('proyectosPersonales/juego')
 4 SYSTEMPATH\CodeIgniter.php(933): App\Controllers\trabajoEnClase\Semana_8Controller->index()
 5 SYSTEMPATH\CodeIgniter.php(507): CodeIgniter\CodeIgniter->runController(Object(App\Controllers\trabajoEnClase\Semana_8Controller))
 6 SYSTEMPATH\CodeIgniter.php(354): CodeIgniter\CodeIgniter->handleRequest(null, Object(Config\Cache), false)
 7 SYSTEMPATH\Boot.php(334): CodeIgniter\CodeIgniter->run()
 8 SYSTEMPATH\Boot.php(67): CodeIgniter\Boot::runCodeIgniter(Object(CodeIgniter\CodeIgniter))
 9 FCPATH\index.php(59): CodeIgniter\Boot::bootWeb(Object(Config\Paths))
CRITICAL - 2025-06-29 22:08:37 --> CodeIgniter\View\Exceptions\ViewException: Invalid file: "proyectosPersonales/juego.php"
[Method: GET, Route: trabajos/semana8/juego]
in SYSTEMPATH\Exceptions\FrameworkException.php on line 39.
 1 SYSTEMPATH\View\View.php(212): CodeIgniter\Exceptions\FrameworkException::forInvalidFile('proyectosPersonales/juego.php')
 2 SYSTEMPATH\Common.php(1173): CodeIgniter\View\View->render('proyectosPersonales/juego', [], true)
 3 APPPATH\Controllers\trabajoEnClase\Semana_8Controller.php(10): view('proyectosPersonales/juego')
 4 SYSTEMPATH\CodeIgniter.php(933): App\Controllers\trabajoEnClase\Semana_8Controller->index()
 5 SYSTEMPATH\CodeIgniter.php(507): CodeIgniter\CodeIgniter->runController(Object(App\Controllers\trabajoEnClase\Semana_8Controller))
 6 SYSTEMPATH\CodeIgniter.php(354): CodeIgniter\CodeIgniter->handleRequest(null, Object(Config\Cache), false)
 7 SYSTEMPATH\Boot.php(334): CodeIgniter\CodeIgniter->run()
 8 SYSTEMPATH\Boot.php(67): CodeIgniter\Boot::runCodeIgniter(Object(CodeIgniter\CodeIgniter))
 9 FCPATH\index.php(59): CodeIgniter\Boot::bootWeb(Object(Config\Paths))
