CRITICAL - 2025-07-10 20:49:24 --> ParseError: syntax error, unexpected token "}"
[Method: GET, Route: proyectos/practica/estudiante]
in APPPATH\Controllers\proyectosPersonales\practicaConModelos\EstudianteController.php on line 17.
 1 SYSTEMPATH\Autoloader\Autoloader.php(295): CodeIgniter\Autoloader\Autoloader->includeFile('C:\\xampp\\htdocs\\proyectoDW\\app\\Controllers\\proyectosPersonales\\practicaConModelos\\EstudianteController.php')
 2 SYSTEMPATH\Autoloader\Autoloader.php(271): CodeIgniter\Autoloader\Autoloader->loadInNamespace('App\\Controllers\\proyectosPersonales\\practicaConModelos\\EstudianteController')
 3 [internal function]: CodeIgniter\Autoloader\Autoloader->loadClass('App\\Controllers\\proyectosPersonales\\practicaConModelos\\EstudianteController')
 4 SYSTEMPATH\CodeIgniter.php(885): class_exists('\\App\\Controllers\\proyectosPersonales\\practicaConModelos\\EstudianteController', true)
 5 SYSTEMPATH\CodeIgniter.php(494): CodeIgniter\CodeIgniter->startController()
 6 SYSTEMPATH\CodeIgniter.php(354): CodeIgniter\CodeIgniter->handleRequest(null, Object(Config\Cache), false)
 7 SYSTEMPATH\Boot.php(334): CodeIgniter\CodeIgniter->run()
 8 SYSTEMPATH\Boot.php(67): CodeIgniter\Boot::runCodeIgniter(Object(CodeIgniter\CodeIgniter))
 9 FCPATH\index.php(59): CodeIgniter\Boot::bootWeb(Object(Config\Paths))
CRITICAL - 2025-07-10 21:00:53 --> CodeIgniter\Exceptions\InvalidArgumentException: "ajaxEsjemplo" is not a valid database connection group.
[Method: POST, Route: proyectos/practica/estudiante/post]
in SYSTEMPATH\Database\Config.php on line 70.
 1 SYSTEMPATH\Common.php(363): CodeIgniter\Database\Config::connect('ajaxEsjemplo', true)
 2 APPPATH\Controllers\proyectosPersonales\practicaConModelos\EstudianteController.php(19): db_connect('ajaxEsjemplo')
 3 SYSTEMPATH\CodeIgniter.php(933): App\Controllers\proyectosPersonales\practicaConModelos\EstudianteController->insertarEstudiante()
 4 SYSTEMPATH\CodeIgniter.php(507): CodeIgniter\CodeIgniter->runController(Object(App\Controllers\proyectosPersonales\practicaConModelos\EstudianteController))
 5 SYSTEMPATH\CodeIgniter.php(354): CodeIgniter\CodeIgniter->handleRequest(null, Object(Config\Cache), false)
 6 SYSTEMPATH\Boot.php(334): CodeIgniter\CodeIgniter->run()
 7 SYSTEMPATH\Boot.php(67): CodeIgniter\Boot::runCodeIgniter(Object(CodeIgniter\CodeIgniter))
 8 FCPATH\index.php(59): CodeIgniter\Boot::bootWeb(Object(Config\Paths))
CRITICAL - 2025-07-10 21:01:23 --> Error: Class "App\Models\proyectosPersonales\practicaConModelos\EstudianteModel" not found
[Method: POST, Route: proyectos/practica/estudiante/post]
in APPPATH\Controllers\proyectosPersonales\practicaConModelos\EstudianteController.php on line 20.
 1 SYSTEMPATH\CodeIgniter.php(933): App\Controllers\proyectosPersonales\practicaConModelos\EstudianteController->insertarEstudiante()
 2 SYSTEMPATH\CodeIgniter.php(507): CodeIgniter\CodeIgniter->runController(Object(App\Controllers\proyectosPersonales\practicaConModelos\EstudianteController))
 3 SYSTEMPATH\CodeIgniter.php(354): CodeIgniter\CodeIgniter->handleRequest(null, Object(Config\Cache), false)
 4 SYSTEMPATH\Boot.php(334): CodeIgniter\CodeIgniter->run()
 5 SYSTEMPATH\Boot.php(67): CodeIgniter\Boot::runCodeIgniter(Object(CodeIgniter\CodeIgniter))
 6 FCPATH\index.php(59): CodeIgniter\Boot::bootWeb(Object(Config\Paths))
ERROR - 2025-07-10 21:02:34 --> mysqli_sql_exception: Column 'estudiante_nombre' cannot be null in C:\xampp\htdocs\proyectoDW\system\Database\MySQLi\Connection.php:327
Stack trace:
#0 C:\xampp\htdocs\proyectoDW\system\Database\MySQLi\Connection.php(327): mysqli->query('INSERT INTO `tb...', 0)
#1 C:\xampp\htdocs\proyectoDW\system\Database\BaseConnection.php(738): CodeIgniter\Database\MySQLi\Connection->execute('INSERT INTO `tb...')
#2 C:\xampp\htdocs\proyectoDW\system\Database\BaseConnection.php(652): CodeIgniter\Database\BaseConnection->simpleQuery('INSERT INTO `tb...')
#3 C:\xampp\htdocs\proyectoDW\system\Database\BaseBuilder.php(2345): CodeIgniter\Database\BaseConnection->query('INSERT INTO `tb...', Array, false)
#4 C:\xampp\htdocs\proyectoDW\system\Model.php(394): CodeIgniter\Database\BaseBuilder->insert()
#5 C:\xampp\htdocs\proyectoDW\system\BaseModel.php(843): CodeIgniter\Model->doInsert(Array)
#6 C:\xampp\htdocs\proyectoDW\system\Model.php(800): CodeIgniter\BaseModel->insert(Array, true)
#7 C:\xampp\htdocs\proyectoDW\app\Models\proyectosPersonales\practicaConModelos\EstudianteModel.php(21): CodeIgniter\Model->insert(Array)
#8 C:\xampp\htdocs\proyectoDW\app\Controllers\proyectosPersonales\practicaConModelos\EstudianteController.php(27): App\Models\proyectosPersonales\practicaConModelos\EstudianteModel->insertarEstudiante(Array)
#9 C:\xampp\htdocs\proyectoDW\system\CodeIgniter.php(933): App\Controllers\proyectosPersonales\practicaConModelos\EstudianteController->insertarEstudiante()
#10 C:\xampp\htdocs\proyectoDW\system\CodeIgniter.php(507): CodeIgniter\CodeIgniter->runController(Object(App\Controllers\proyectosPersonales\practicaConModelos\EstudianteController))
#11 C:\xampp\htdocs\proyectoDW\system\CodeIgniter.php(354): CodeIgniter\CodeIgniter->handleRequest(NULL, Object(Config\Cache), false)
#12 C:\xampp\htdocs\proyectoDW\system\Boot.php(334): CodeIgniter\CodeIgniter->run()
#13 C:\xampp\htdocs\proyectoDW\system\Boot.php(67): CodeIgniter\Boot::runCodeIgniter(Object(CodeIgniter\CodeIgniter))
#14 C:\xampp\htdocs\proyectoDW\index.php(59): CodeIgniter\Boot::bootWeb(Object(Config\Paths))
#15 {main}
CRITICAL - 2025-07-10 21:02:34 --> CodeIgniter\Database\Exceptions\DatabaseException: Column 'estudiante_nombre' cannot be null
[Method: POST, Route: proyectos/practica/estudiante/post]
in SYSTEMPATH\Database\BaseConnection.php on line 692.
 1 SYSTEMPATH\Database\BaseBuilder.php(2345): CodeIgniter\Database\BaseConnection->query('INSERT INTO `tbl_estudiante` (`estudiante_nombre`, `estudiante_apellido`, `estudiante_cedula`, `estudiante_telf`) VALUES (:estudiante_nombre:, :estudiante_apellido:, :estudiante_cedula:, :estudiante_telf:)', [...], false)
 2 SYSTEMPATH\Model.php(394): CodeIgniter\Database\BaseBuilder->insert()
 3 SYSTEMPATH\BaseModel.php(843): CodeIgniter\Model->doInsert([...])
 4 SYSTEMPATH\Model.php(800): CodeIgniter\BaseModel->insert([...], true)
 5 APPPATH\Models\proyectosPersonales\practicaConModelos\EstudianteModel.php(21): CodeIgniter\Model->insert([...])
 6 APPPATH\Controllers\proyectosPersonales\practicaConModelos\EstudianteController.php(27): App\Models\proyectosPersonales\practicaConModelos\EstudianteModel->insertarEstudiante([...])
 7 SYSTEMPATH\CodeIgniter.php(933): App\Controllers\proyectosPersonales\practicaConModelos\EstudianteController->insertarEstudiante()
 8 SYSTEMPATH\CodeIgniter.php(507): CodeIgniter\CodeIgniter->runController(Object(App\Controllers\proyectosPersonales\practicaConModelos\EstudianteController))
 9 SYSTEMPATH\CodeIgniter.php(354): CodeIgniter\CodeIgniter->handleRequest(null, Object(Config\Cache), false)
10 SYSTEMPATH\Boot.php(334): CodeIgniter\CodeIgniter->run()
11 SYSTEMPATH\Boot.php(67): CodeIgniter\Boot::runCodeIgniter(Object(CodeIgniter\CodeIgniter))
12 FCPATH\index.php(59): CodeIgniter\Boot::bootWeb(Object(Config\Paths))
CRITICAL - 2025-07-10 21:02:34 --> [Caused by] CodeIgniter\Database\Exceptions\DatabaseException: Column 'estudiante_nombre' cannot be null
in SYSTEMPATH\Database\MySQLi\Connection.php on line 332.
 1 SYSTEMPATH\Database\BaseConnection.php(738): CodeIgniter\Database\MySQLi\Connection->execute('INSERT INTO `tbl_estudiante` (`estudiante_nombre`, `estudiante_apellido`, `estudiante_cedula`, `estudiante_telf`) VALUES (NULL, NULL, NULL, NULL)')
 2 SYSTEMPATH\Database\BaseConnection.php(652): CodeIgniter\Database\BaseConnection->simpleQuery('INSERT INTO `tbl_estudiante` (`estudiante_nombre`, `estudiante_apellido`, `estudiante_cedula`, `estudiante_telf`) VALUES (NULL, NULL, NULL, NULL)')
 3 SYSTEMPATH\Database\BaseBuilder.php(2345): CodeIgniter\Database\BaseConnection->query('INSERT INTO `tbl_estudiante` (`estudiante_nombre`, `estudiante_apellido`, `estudiante_cedula`, `estudiante_telf`) VALUES (:estudiante_nombre:, :estudiante_apellido:, :estudiante_cedula:, :estudiante_telf:)', [...], false)
 4 SYSTEMPATH\Model.php(394): CodeIgniter\Database\BaseBuilder->insert()
 5 SYSTEMPATH\BaseModel.php(843): CodeIgniter\Model->doInsert([...])
 6 SYSTEMPATH\Model.php(800): CodeIgniter\BaseModel->insert([...], true)
 7 APPPATH\Models\proyectosPersonales\practicaConModelos\EstudianteModel.php(21): CodeIgniter\Model->insert([...])
 8 APPPATH\Controllers\proyectosPersonales\practicaConModelos\EstudianteController.php(27): App\Models\proyectosPersonales\practicaConModelos\EstudianteModel->insertarEstudiante([...])
 9 SYSTEMPATH\CodeIgniter.php(933): App\Controllers\proyectosPersonales\practicaConModelos\EstudianteController->insertarEstudiante()
10 SYSTEMPATH\CodeIgniter.php(507): CodeIgniter\CodeIgniter->runController(Object(App\Controllers\proyectosPersonales\practicaConModelos\EstudianteController))
11 SYSTEMPATH\CodeIgniter.php(354): CodeIgniter\CodeIgniter->handleRequest(null, Object(Config\Cache), false)
12 SYSTEMPATH\Boot.php(334): CodeIgniter\CodeIgniter->run()
13 SYSTEMPATH\Boot.php(67): CodeIgniter\Boot::runCodeIgniter(Object(CodeIgniter\CodeIgniter))
14 FCPATH\index.php(59): CodeIgniter\Boot::bootWeb(Object(Config\Paths))
CRITICAL - 2025-07-10 21:02:34 --> [Caused by] mysqli_sql_exception: Column 'estudiante_nombre' cannot be null
in SYSTEMPATH\Database\MySQLi\Connection.php on line 327.
 1 SYSTEMPATH\Database\MySQLi\Connection.php(327): mysqli->query('INSERT INTO `tbl_estudiante` (`estudiante_nombre`, `estudiante_apellido`, `estudiante_cedula`, `estudiante_telf`) VALUES (NULL, NULL, NULL, NULL)', 0)
 2 SYSTEMPATH\Database\BaseConnection.php(738): CodeIgniter\Database\MySQLi\Connection->execute('INSERT INTO `tbl_estudiante` (`estudiante_nombre`, `estudiante_apellido`, `estudiante_cedula`, `estudiante_telf`) VALUES (NULL, NULL, NULL, NULL)')
 3 SYSTEMPATH\Database\BaseConnection.php(652): CodeIgniter\Database\BaseConnection->simpleQuery('INSERT INTO `tbl_estudiante` (`estudiante_nombre`, `estudiante_apellido`, `estudiante_cedula`, `estudiante_telf`) VALUES (NULL, NULL, NULL, NULL)')
 4 SYSTEMPATH\Database\BaseBuilder.php(2345): CodeIgniter\Database\BaseConnection->query('INSERT INTO `tbl_estudiante` (`estudiante_nombre`, `estudiante_apellido`, `estudiante_cedula`, `estudiante_telf`) VALUES (:estudiante_nombre:, :estudiante_apellido:, :estudiante_cedula:, :estudiante_telf:)', [...], false)
 5 SYSTEMPATH\Model.php(394): CodeIgniter\Database\BaseBuilder->insert()
 6 SYSTEMPATH\BaseModel.php(843): CodeIgniter\Model->doInsert([...])
 7 SYSTEMPATH\Model.php(800): CodeIgniter\BaseModel->insert([...], true)
 8 APPPATH\Models\proyectosPersonales\practicaConModelos\EstudianteModel.php(21): CodeIgniter\Model->insert([...])
 9 APPPATH\Controllers\proyectosPersonales\practicaConModelos\EstudianteController.php(27): App\Models\proyectosPersonales\practicaConModelos\EstudianteModel->insertarEstudiante([...])
10 SYSTEMPATH\CodeIgniter.php(933): App\Controllers\proyectosPersonales\practicaConModelos\EstudianteController->insertarEstudiante()
11 SYSTEMPATH\CodeIgniter.php(507): CodeIgniter\CodeIgniter->runController(Object(App\Controllers\proyectosPersonales\practicaConModelos\EstudianteController))
12 SYSTEMPATH\CodeIgniter.php(354): CodeIgniter\CodeIgniter->handleRequest(null, Object(Config\Cache), false)
13 SYSTEMPATH\Boot.php(334): CodeIgniter\CodeIgniter->run()
14 SYSTEMPATH\Boot.php(67): CodeIgniter\Boot::runCodeIgniter(Object(CodeIgniter\CodeIgniter))
15 FCPATH\index.php(59): CodeIgniter\Boot::bootWeb(Object(Config\Paths))
CRITICAL - 2025-07-10 21:03:27 --> CodeIgniter\Database\Exceptions\DataException: There is no data to insert.
[Method: POST, Route: proyectos/practica/estudiante/post]
in SYSTEMPATH\BaseModel.php on line 829.
 1 SYSTEMPATH\BaseModel.php(829): CodeIgniter\Database\Exceptions\DataException::forEmptyDataset('insert')
 2 SYSTEMPATH\Model.php(800): CodeIgniter\BaseModel->insert([], true)
 3 APPPATH\Models\proyectosPersonales\practicaConModelos\EstudianteModel.php(21): CodeIgniter\Model->insert([...])
 4 APPPATH\Controllers\proyectosPersonales\practicaConModelos\EstudianteController.php(27): App\Models\proyectosPersonales\practicaConModelos\EstudianteModel->insertarEstudiante([...])
 5 SYSTEMPATH\CodeIgniter.php(933): App\Controllers\proyectosPersonales\practicaConModelos\EstudianteController->insertarEstudiante()
 6 SYSTEMPATH\CodeIgniter.php(507): CodeIgniter\CodeIgniter->runController(Object(App\Controllers\proyectosPersonales\practicaConModelos\EstudianteController))
 7 SYSTEMPATH\CodeIgniter.php(354): CodeIgniter\CodeIgniter->handleRequest(null, Object(Config\Cache), false)
 8 SYSTEMPATH\Boot.php(334): CodeIgniter\CodeIgniter->run()
 9 SYSTEMPATH\Boot.php(67): CodeIgniter\Boot::runCodeIgniter(Object(CodeIgniter\CodeIgniter))
10 FCPATH\index.php(59): CodeIgniter\Boot::bootWeb(Object(Config\Paths))
CRITICAL - 2025-07-10 21:03:42 --> CodeIgniter\Database\Exceptions\DataException: There is no data to insert.
[Method: POST, Route: proyectos/practica/estudiante/post]
in SYSTEMPATH\BaseModel.php on line 829.
 1 SYSTEMPATH\BaseModel.php(829): CodeIgniter\Database\Exceptions\DataException::forEmptyDataset('insert')
 2 SYSTEMPATH\Model.php(800): CodeIgniter\BaseModel->insert([], true)
 3 APPPATH\Models\proyectosPersonales\practicaConModelos\EstudianteModel.php(21): CodeIgniter\Model->insert([...])
 4 APPPATH\Controllers\proyectosPersonales\practicaConModelos\EstudianteController.php(27): App\Models\proyectosPersonales\practicaConModelos\EstudianteModel->insertarEstudiante([...])
 5 SYSTEMPATH\CodeIgniter.php(933): App\Controllers\proyectosPersonales\practicaConModelos\EstudianteController->insertarEstudiante()
 6 SYSTEMPATH\CodeIgniter.php(507): CodeIgniter\CodeIgniter->runController(Object(App\Controllers\proyectosPersonales\practicaConModelos\EstudianteController))
 7 SYSTEMPATH\CodeIgniter.php(354): CodeIgniter\CodeIgniter->handleRequest(null, Object(Config\Cache), false)
 8 SYSTEMPATH\Boot.php(334): CodeIgniter\CodeIgniter->run()
 9 SYSTEMPATH\Boot.php(67): CodeIgniter\Boot::runCodeIgniter(Object(CodeIgniter\CodeIgniter))
10 FCPATH\index.php(59): CodeIgniter\Boot::bootWeb(Object(Config\Paths))
CRITICAL - 2025-07-10 21:06:49 --> ParseError: syntax error, unexpected string content ");", expecting ")"
[Method: GET, Route: proyectos/practica/estudiante]
in APPPATH\Controllers\proyectosPersonales\practicaConModelos\EstudianteController.php on line 28.
 1 SYSTEMPATH\Autoloader\Autoloader.php(295): CodeIgniter\Autoloader\Autoloader->includeFile('C:\\xampp\\htdocs\\proyectoDW\\app\\Controllers\\proyectosPersonales\\practicaConModelos\\EstudianteController.php')
 2 SYSTEMPATH\Autoloader\Autoloader.php(271): CodeIgniter\Autoloader\Autoloader->loadInNamespace('App\\Controllers\\proyectosPersonales\\practicaConModelos\\EstudianteController')
 3 [internal function]: CodeIgniter\Autoloader\Autoloader->loadClass('App\\Controllers\\proyectosPersonales\\practicaConModelos\\EstudianteController')
 4 SYSTEMPATH\CodeIgniter.php(885): class_exists('\\App\\Controllers\\proyectosPersonales\\practicaConModelos\\EstudianteController', true)
 5 SYSTEMPATH\CodeIgniter.php(494): CodeIgniter\CodeIgniter->startController()
 6 SYSTEMPATH\CodeIgniter.php(354): CodeIgniter\CodeIgniter->handleRequest(null, Object(Config\Cache), false)
 7 SYSTEMPATH\Boot.php(334): CodeIgniter\CodeIgniter->run()
 8 SYSTEMPATH\Boot.php(67): CodeIgniter\Boot::runCodeIgniter(Object(CodeIgniter\CodeIgniter))
 9 FCPATH\index.php(59): CodeIgniter\Boot::bootWeb(Object(Config\Paths))
CRITICAL - 2025-07-10 21:25:20 --> ParseError: syntax error, unexpected token "}"
[Method: GET, Route: proyectos/practica/estudiante]
in APPPATH\Controllers\proyectosPersonales\practicaConModelos\EstudianteController.php on line 36.
 1 SYSTEMPATH\Autoloader\Autoloader.php(295): CodeIgniter\Autoloader\Autoloader->includeFile('C:\\xampp\\htdocs\\proyectoDW\\app\\Controllers\\proyectosPersonales\\practicaConModelos\\EstudianteController.php')
 2 SYSTEMPATH\Autoloader\Autoloader.php(271): CodeIgniter\Autoloader\Autoloader->loadInNamespace('App\\Controllers\\proyectosPersonales\\practicaConModelos\\EstudianteController')
 3 [internal function]: CodeIgniter\Autoloader\Autoloader->loadClass('App\\Controllers\\proyectosPersonales\\practicaConModelos\\EstudianteController')
 4 SYSTEMPATH\CodeIgniter.php(885): class_exists('\\App\\Controllers\\proyectosPersonales\\practicaConModelos\\EstudianteController', true)
 5 SYSTEMPATH\CodeIgniter.php(494): CodeIgniter\CodeIgniter->startController()
 6 SYSTEMPATH\CodeIgniter.php(354): CodeIgniter\CodeIgniter->handleRequest(null, Object(Config\Cache), false)
 7 SYSTEMPATH\Boot.php(334): CodeIgniter\CodeIgniter->run()
 8 SYSTEMPATH\Boot.php(67): CodeIgniter\Boot::runCodeIgniter(Object(CodeIgniter\CodeIgniter))
 9 FCPATH\index.php(59): CodeIgniter\Boot::bootWeb(Object(Config\Paths))
CRITICAL - 2025-07-10 21:44:25 --> ErrorException: Undefined variable $estudiantes
[Method: GET, Route: proyectos/practica/estudiante]
in APPPATH\Views\proyectosPersonales\formularios\estudiante.php on line 54.
 1 APPPATH\Views\proyectosPersonales\formularios\estudiante.php(54): CodeIgniter\Debug\Exceptions->errorHandler(2, 'Undefined variable $estudiantes', 'C:\\xampp\\htdocs\\proyectoDW\\app\\Views\\proyectosPersonales\\formularios\\estudiante.php', 54)
 2 SYSTEMPATH\View\View.php(224): include('C:\\xampp\\htdocs\\proyectoDW\\app\\Views\\proyectosPersonales\\formularios\\estudiante.php')
 3 SYSTEMPATH\View\View.php(227): CodeIgniter\View\View->CodeIgniter\View\{closure}()
 4 SYSTEMPATH\Common.php(1173): CodeIgniter\View\View->render('proyectosPersonales/formularios/estudiante', [], true)
 5 APPPATH\Controllers\proyectosPersonales\practicaConModelos\EstudianteController.php(18): view('proyectosPersonales/formularios/estudiante')
 6 SYSTEMPATH\CodeIgniter.php(933): App\Controllers\proyectosPersonales\practicaConModelos\EstudianteController->index()
 7 SYSTEMPATH\CodeIgniter.php(507): CodeIgniter\CodeIgniter->runController(Object(App\Controllers\proyectosPersonales\practicaConModelos\EstudianteController))
 8 SYSTEMPATH\CodeIgniter.php(354): CodeIgniter\CodeIgniter->handleRequest(null, Object(Config\Cache), false)
 9 SYSTEMPATH\Boot.php(334): CodeIgniter\CodeIgniter->run()
10 SYSTEMPATH\Boot.php(67): CodeIgniter\Boot::runCodeIgniter(Object(CodeIgniter\CodeIgniter))
11 FCPATH\index.php(59): CodeIgniter\Boot::bootWeb(Object(Config\Paths))
CRITICAL - 2025-07-10 21:44:26 --> ErrorException: Undefined variable $estudiantes
[Method: GET, Route: proyectos/practica/estudiante]
in APPPATH\Views\proyectosPersonales\formularios\estudiante.php on line 54.
 1 APPPATH\Views\proyectosPersonales\formularios\estudiante.php(54): CodeIgniter\Debug\Exceptions->errorHandler(2, 'Undefined variable $estudiantes', 'C:\\xampp\\htdocs\\proyectoDW\\app\\Views\\proyectosPersonales\\formularios\\estudiante.php', 54)
 2 SYSTEMPATH\View\View.php(224): include('C:\\xampp\\htdocs\\proyectoDW\\app\\Views\\proyectosPersonales\\formularios\\estudiante.php')
 3 SYSTEMPATH\View\View.php(227): CodeIgniter\View\View->CodeIgniter\View\{closure}()
 4 SYSTEMPATH\Common.php(1173): CodeIgniter\View\View->render('proyectosPersonales/formularios/estudiante', [], true)
 5 APPPATH\Controllers\proyectosPersonales\practicaConModelos\EstudianteController.php(18): view('proyectosPersonales/formularios/estudiante')
 6 SYSTEMPATH\CodeIgniter.php(933): App\Controllers\proyectosPersonales\practicaConModelos\EstudianteController->index()
 7 SYSTEMPATH\CodeIgniter.php(507): CodeIgniter\CodeIgniter->runController(Object(App\Controllers\proyectosPersonales\practicaConModelos\EstudianteController))
 8 SYSTEMPATH\CodeIgniter.php(354): CodeIgniter\CodeIgniter->handleRequest(null, Object(Config\Cache), false)
 9 SYSTEMPATH\Boot.php(334): CodeIgniter\CodeIgniter->run()
10 SYSTEMPATH\Boot.php(67): CodeIgniter\Boot::runCodeIgniter(Object(CodeIgniter\CodeIgniter))
11 FCPATH\index.php(59): CodeIgniter\Boot::bootWeb(Object(Config\Paths))
CRITICAL - 2025-07-10 21:44:50 --> ErrorException: Undefined variable $estudiantes
[Method: GET, Route: proyectos/practica/estudiante]
in APPPATH\Views\proyectosPersonales\formularios\estudiante.php on line 54.
 1 APPPATH\Views\proyectosPersonales\formularios\estudiante.php(54): CodeIgniter\Debug\Exceptions->errorHandler(2, 'Undefined variable $estudiantes', 'C:\\xampp\\htdocs\\proyectoDW\\app\\Views\\proyectosPersonales\\formularios\\estudiante.php', 54)
 2 SYSTEMPATH\View\View.php(224): include('C:\\xampp\\htdocs\\proyectoDW\\app\\Views\\proyectosPersonales\\formularios\\estudiante.php')
 3 SYSTEMPATH\View\View.php(227): CodeIgniter\View\View->CodeIgniter\View\{closure}()
 4 SYSTEMPATH\Common.php(1173): CodeIgniter\View\View->render('proyectosPersonales/formularios/estudiante', [], true)
 5 APPPATH\Controllers\proyectosPersonales\practicaConModelos\EstudianteController.php(18): view('proyectosPersonales/formularios/estudiante')
 6 SYSTEMPATH\CodeIgniter.php(933): App\Controllers\proyectosPersonales\practicaConModelos\EstudianteController->index()
 7 SYSTEMPATH\CodeIgniter.php(507): CodeIgniter\CodeIgniter->runController(Object(App\Controllers\proyectosPersonales\practicaConModelos\EstudianteController))
 8 SYSTEMPATH\CodeIgniter.php(354): CodeIgniter\CodeIgniter->handleRequest(null, Object(Config\Cache), false)
 9 SYSTEMPATH\Boot.php(334): CodeIgniter\CodeIgniter->run()
10 SYSTEMPATH\Boot.php(67): CodeIgniter\Boot::runCodeIgniter(Object(CodeIgniter\CodeIgniter))
11 FCPATH\index.php(59): CodeIgniter\Boot::bootWeb(Object(Config\Paths))
CRITICAL - 2025-07-10 21:46:25 --> ErrorException: Undefined variable $estudiantes
[Method: GET, Route: proyectos/practica/estudiante]
in APPPATH\Views\proyectosPersonales\formularios\estudiante.php on line 54.
 1 APPPATH\Views\proyectosPersonales\formularios\estudiante.php(54): CodeIgniter\Debug\Exceptions->errorHandler(2, 'Undefined variable $estudiantes', 'C:\\xampp\\htdocs\\proyectoDW\\app\\Views\\proyectosPersonales\\formularios\\estudiante.php', 54)
 2 SYSTEMPATH\View\View.php(224): include('C:\\xampp\\htdocs\\proyectoDW\\app\\Views\\proyectosPersonales\\formularios\\estudiante.php')
 3 SYSTEMPATH\View\View.php(227): CodeIgniter\View\View->CodeIgniter\View\{closure}()
 4 SYSTEMPATH\Common.php(1173): CodeIgniter\View\View->render('proyectosPersonales/formularios/estudiante', [], true)
 5 APPPATH\Controllers\proyectosPersonales\practicaConModelos\EstudianteController.php(18): view('proyectosPersonales/formularios/estudiante')
 6 SYSTEMPATH\CodeIgniter.php(933): App\Controllers\proyectosPersonales\practicaConModelos\EstudianteController->index()
 7 SYSTEMPATH\CodeIgniter.php(507): CodeIgniter\CodeIgniter->runController(Object(App\Controllers\proyectosPersonales\practicaConModelos\EstudianteController))
 8 SYSTEMPATH\CodeIgniter.php(354): CodeIgniter\CodeIgniter->handleRequest(null, Object(Config\Cache), false)
 9 SYSTEMPATH\Boot.php(334): CodeIgniter\CodeIgniter->run()
10 SYSTEMPATH\Boot.php(67): CodeIgniter\Boot::runCodeIgniter(Object(CodeIgniter\CodeIgniter))
11 FCPATH\index.php(59): CodeIgniter\Boot::bootWeb(Object(Config\Paths))
CRITICAL - 2025-07-10 21:46:27 --> ErrorException: Undefined variable $estudiantes
[Method: GET, Route: proyectos/practica/estudiante]
in APPPATH\Views\proyectosPersonales\formularios\estudiante.php on line 54.
 1 APPPATH\Views\proyectosPersonales\formularios\estudiante.php(54): CodeIgniter\Debug\Exceptions->errorHandler(2, 'Undefined variable $estudiantes', 'C:\\xampp\\htdocs\\proyectoDW\\app\\Views\\proyectosPersonales\\formularios\\estudiante.php', 54)
 2 SYSTEMPATH\View\View.php(224): include('C:\\xampp\\htdocs\\proyectoDW\\app\\Views\\proyectosPersonales\\formularios\\estudiante.php')
 3 SYSTEMPATH\View\View.php(227): CodeIgniter\View\View->CodeIgniter\View\{closure}()
 4 SYSTEMPATH\Common.php(1173): CodeIgniter\View\View->render('proyectosPersonales/formularios/estudiante', [], true)
 5 APPPATH\Controllers\proyectosPersonales\practicaConModelos\EstudianteController.php(18): view('proyectosPersonales/formularios/estudiante')
 6 SYSTEMPATH\CodeIgniter.php(933): App\Controllers\proyectosPersonales\practicaConModelos\EstudianteController->index()
 7 SYSTEMPATH\CodeIgniter.php(507): CodeIgniter\CodeIgniter->runController(Object(App\Controllers\proyectosPersonales\practicaConModelos\EstudianteController))
 8 SYSTEMPATH\CodeIgniter.php(354): CodeIgniter\CodeIgniter->handleRequest(null, Object(Config\Cache), false)
 9 SYSTEMPATH\Boot.php(334): CodeIgniter\CodeIgniter->run()
10 SYSTEMPATH\Boot.php(67): CodeIgniter\Boot::runCodeIgniter(Object(CodeIgniter\CodeIgniter))
11 FCPATH\index.php(59): CodeIgniter\Boot::bootWeb(Object(Config\Paths))
CRITICAL - 2025-07-10 21:46:27 --> ErrorException: Undefined variable $estudiantes
[Method: GET, Route: proyectos/practica/estudiante]
in APPPATH\Views\proyectosPersonales\formularios\estudiante.php on line 54.
 1 APPPATH\Views\proyectosPersonales\formularios\estudiante.php(54): CodeIgniter\Debug\Exceptions->errorHandler(2, 'Undefined variable $estudiantes', 'C:\\xampp\\htdocs\\proyectoDW\\app\\Views\\proyectosPersonales\\formularios\\estudiante.php', 54)
 2 SYSTEMPATH\View\View.php(224): include('C:\\xampp\\htdocs\\proyectoDW\\app\\Views\\proyectosPersonales\\formularios\\estudiante.php')
 3 SYSTEMPATH\View\View.php(227): CodeIgniter\View\View->CodeIgniter\View\{closure}()
 4 SYSTEMPATH\Common.php(1173): CodeIgniter\View\View->render('proyectosPersonales/formularios/estudiante', [], true)
 5 APPPATH\Controllers\proyectosPersonales\practicaConModelos\EstudianteController.php(18): view('proyectosPersonales/formularios/estudiante')
 6 SYSTEMPATH\CodeIgniter.php(933): App\Controllers\proyectosPersonales\practicaConModelos\EstudianteController->index()
 7 SYSTEMPATH\CodeIgniter.php(507): CodeIgniter\CodeIgniter->runController(Object(App\Controllers\proyectosPersonales\practicaConModelos\EstudianteController))
 8 SYSTEMPATH\CodeIgniter.php(354): CodeIgniter\CodeIgniter->handleRequest(null, Object(Config\Cache), false)
 9 SYSTEMPATH\Boot.php(334): CodeIgniter\CodeIgniter->run()
10 SYSTEMPATH\Boot.php(67): CodeIgniter\Boot::runCodeIgniter(Object(CodeIgniter\CodeIgniter))
11 FCPATH\index.php(59): CodeIgniter\Boot::bootWeb(Object(Config\Paths))
CRITICAL - 2025-07-10 21:47:10 --> ErrorException: Undefined variable $estudiantes
[Method: GET, Route: proyectos/practica/estudiante]
in APPPATH\Views\proyectosPersonales\formularios\estudiante.php on line 54.
 1 APPPATH\Views\proyectosPersonales\formularios\estudiante.php(54): CodeIgniter\Debug\Exceptions->errorHandler(2, 'Undefined variable $estudiantes', 'C:\\xampp\\htdocs\\proyectoDW\\app\\Views\\proyectosPersonales\\formularios\\estudiante.php', 54)
 2 SYSTEMPATH\View\View.php(224): include('C:\\xampp\\htdocs\\proyectoDW\\app\\Views\\proyectosPersonales\\formularios\\estudiante.php')
 3 SYSTEMPATH\View\View.php(227): CodeIgniter\View\View->CodeIgniter\View\{closure}()
 4 SYSTEMPATH\Common.php(1173): CodeIgniter\View\View->render('proyectosPersonales/formularios/estudiante', [], true)
 5 APPPATH\Controllers\proyectosPersonales\practicaConModelos\EstudianteController.php(18): view('proyectosPersonales/formularios/estudiante')
 6 SYSTEMPATH\CodeIgniter.php(933): App\Controllers\proyectosPersonales\practicaConModelos\EstudianteController->index()
 7 SYSTEMPATH\CodeIgniter.php(507): CodeIgniter\CodeIgniter->runController(Object(App\Controllers\proyectosPersonales\practicaConModelos\EstudianteController))
 8 SYSTEMPATH\CodeIgniter.php(354): CodeIgniter\CodeIgniter->handleRequest(null, Object(Config\Cache), false)
 9 SYSTEMPATH\Boot.php(334): CodeIgniter\CodeIgniter->run()
10 SYSTEMPATH\Boot.php(67): CodeIgniter\Boot::runCodeIgniter(Object(CodeIgniter\CodeIgniter))
11 FCPATH\index.php(59): CodeIgniter\Boot::bootWeb(Object(Config\Paths))
CRITICAL - 2025-07-10 21:55:14 --> ParseError: syntax error, unexpected token "}", expecting variable
[Method: GET, Route: proyectos/practica/estudiante]
in APPPATH\Controllers\proyectosPersonales\practicaConModelos\EstudianteController.php on line 38.
 1 SYSTEMPATH\Autoloader\Autoloader.php(295): CodeIgniter\Autoloader\Autoloader->includeFile('C:\\xampp\\htdocs\\proyectoDW\\app\\Controllers\\proyectosPersonales\\practicaConModelos\\EstudianteController.php')
 2 SYSTEMPATH\Autoloader\Autoloader.php(271): CodeIgniter\Autoloader\Autoloader->loadInNamespace('App\\Controllers\\proyectosPersonales\\practicaConModelos\\EstudianteController')
 3 [internal function]: CodeIgniter\Autoloader\Autoloader->loadClass('App\\Controllers\\proyectosPersonales\\practicaConModelos\\EstudianteController')
 4 SYSTEMPATH\CodeIgniter.php(885): class_exists('\\App\\Controllers\\proyectosPersonales\\practicaConModelos\\EstudianteController', true)
 5 SYSTEMPATH\CodeIgniter.php(494): CodeIgniter\CodeIgniter->startController()
 6 SYSTEMPATH\CodeIgniter.php(354): CodeIgniter\CodeIgniter->handleRequest(null, Object(Config\Cache), false)
 7 SYSTEMPATH\Boot.php(334): CodeIgniter\CodeIgniter->run()
 8 SYSTEMPATH\Boot.php(67): CodeIgniter\Boot::runCodeIgniter(Object(CodeIgniter\CodeIgniter))
 9 FCPATH\index.php(59): CodeIgniter\Boot::bootWeb(Object(Config\Paths))
CRITICAL - 2025-07-10 21:57:55 --> ParseError: syntax error, unexpected token "->", expecting identifier or variable or "{" or "$"
[Method: GET, Route: proyectos/practica/estudiante]
in APPPATH\Controllers\proyectosPersonales\practicaConModelos\EstudianteController.php on line 38.
 1 SYSTEMPATH\Autoloader\Autoloader.php(295): CodeIgniter\Autoloader\Autoloader->includeFile('C:\\xampp\\htdocs\\proyectoDW\\app\\Controllers\\proyectosPersonales\\practicaConModelos\\EstudianteController.php')
 2 SYSTEMPATH\Autoloader\Autoloader.php(271): CodeIgniter\Autoloader\Autoloader->loadInNamespace('App\\Controllers\\proyectosPersonales\\practicaConModelos\\EstudianteController')
 3 [internal function]: CodeIgniter\Autoloader\Autoloader->loadClass('App\\Controllers\\proyectosPersonales\\practicaConModelos\\EstudianteController')
 4 SYSTEMPATH\CodeIgniter.php(885): class_exists('\\App\\Controllers\\proyectosPersonales\\practicaConModelos\\EstudianteController', true)
 5 SYSTEMPATH\CodeIgniter.php(494): CodeIgniter\CodeIgniter->startController()
 6 SYSTEMPATH\CodeIgniter.php(354): CodeIgniter\CodeIgniter->handleRequest(null, Object(Config\Cache), false)
 7 SYSTEMPATH\Boot.php(334): CodeIgniter\CodeIgniter->run()
 8 SYSTEMPATH\Boot.php(67): CodeIgniter\Boot::runCodeIgniter(Object(CodeIgniter\CodeIgniter))
 9 FCPATH\index.php(59): CodeIgniter\Boot::bootWeb(Object(Config\Paths))
