CRITICAL - 2025-07-03 23:29:49 --> CodeIgniter\View\Exceptions\ViewException: Invalid file: "semana_10/VistaCss.php"
[Method: GET, Route: trabajos/semana10]
in SYSTEMPATH\Exceptions\FrameworkException.php on line 39.
 1 SYSTEMPATH\View\View.php(212): CodeIgniter\Exceptions\FrameworkException::forInvalidFile('semana_10/VistaCss.php')
 2 SYSTEMPATH\Common.php(1173): CodeIgniter\View\View->render('semana_10/VistaCss', [], true)
 3 APPPATH\Controllers\trabajoEnClase\Semana_10Controller.php(14): view('semana_10/VistaCss')
 4 SYSTEMPATH\CodeIgniter.php(933): App\Controllers\trabajoEnClase\Semana_10Controller->index()
 5 SYSTEMPATH\CodeIgniter.php(507): CodeIgniter\CodeIgniter->runController(Object(App\Controllers\trabajoEnClase\Semana_10Controller))
 6 SYSTEMPATH\CodeIgniter.php(354): CodeIgniter\CodeIgniter->handleRequest(null, Object(Config\Cache), false)
 7 SYSTEMPATH\Boot.php(334): CodeIgniter\CodeIgniter->run()
 8 SYSTEMPATH\Boot.php(67): CodeIgniter\Boot::runCodeIgniter(Object(CodeIgniter\CodeIgniter))
 9 FCPATH\index.php(59): CodeIgniter\Boot::bootWeb(Object(Config\Paths))
CRITICAL - 2025-07-03 23:32:11 --> CodeIgniter\View\Exceptions\ViewException: Invalid file: "semana_10/VistaCss/index.php"
[Method: GET, Route: trabajos/semana10]
in SYSTEMPATH\Exceptions\FrameworkException.php on line 39.
 1 SYSTEMPATH\View\View.php(212): CodeIgniter\Exceptions\FrameworkException::forInvalidFile('semana_10/VistaCss/index.php')
 2 SYSTEMPATH\Common.php(1173): CodeIgniter\View\View->render('semana_10/VistaCss/index', [], true)
 3 APPPATH\Controllers\trabajoEnClase\Semana_10Controller.php(14): view('semana_10/VistaCss/index')
 4 SYSTEMPATH\CodeIgniter.php(933): App\Controllers\trabajoEnClase\Semana_10Controller->index()
 5 SYSTEMPATH\CodeIgniter.php(507): CodeIgniter\CodeIgniter->runController(Object(App\Controllers\trabajoEnClase\Semana_10Controller))
 6 SYSTEMPATH\CodeIgniter.php(354): CodeIgniter\CodeIgniter->handleRequest(null, Object(Config\Cache), false)
 7 SYSTEMPATH\Boot.php(334): CodeIgniter\CodeIgniter->run()
 8 SYSTEMPATH\Boot.php(67): CodeIgniter\Boot::runCodeIgniter(Object(CodeIgniter\CodeIgniter))
 9 FCPATH\index.php(59): CodeIgniter\Boot::bootWeb(Object(Config\Paths))
CRITICAL - 2025-07-03 23:32:17 --> CodeIgniter\View\Exceptions\ViewException: Invalid file: "semana_10/VistaCss/index.php"
[Method: GET, Route: trabajos/semana10]
in SYSTEMPATH\Exceptions\FrameworkException.php on line 39.
 1 SYSTEMPATH\View\View.php(212): CodeIgniter\Exceptions\FrameworkException::forInvalidFile('semana_10/VistaCss/index.php')
 2 SYSTEMPATH\Common.php(1173): CodeIgniter\View\View->render('semana_10/VistaCss/index', [], true)
 3 APPPATH\Controllers\trabajoEnClase\Semana_10Controller.php(14): view('semana_10/VistaCss/index')
 4 SYSTEMPATH\CodeIgniter.php(933): App\Controllers\trabajoEnClase\Semana_10Controller->index()
 5 SYSTEMPATH\CodeIgniter.php(507): CodeIgniter\CodeIgniter->runController(Object(App\Controllers\trabajoEnClase\Semana_10Controller))
 6 SYSTEMPATH\CodeIgniter.php(354): CodeIgniter\CodeIgniter->handleRequest(null, Object(Config\Cache), false)
 7 SYSTEMPATH\Boot.php(334): CodeIgniter\CodeIgniter->run()
 8 SYSTEMPATH\Boot.php(67): CodeIgniter\Boot::runCodeIgniter(Object(CodeIgniter\CodeIgniter))
 9 FCPATH\index.php(59): CodeIgniter\Boot::bootWeb(Object(Config\Paths))
CRITICAL - 2025-07-03 23:32:29 --> CodeIgniter\View\Exceptions\ViewException: Invalid file: "semana_10/VistaCss/index.php"
[Method: GET, Route: trabajos/semana10]
in SYSTEMPATH\Exceptions\FrameworkException.php on line 39.
 1 SYSTEMPATH\View\View.php(212): CodeIgniter\Exceptions\FrameworkException::forInvalidFile('semana_10/VistaCss/index.php')
 2 SYSTEMPATH\Common.php(1173): CodeIgniter\View\View->render('semana_10/VistaCss/index', [], true)
 3 APPPATH\Controllers\trabajoEnClase\Semana_10Controller.php(14): view('semana_10/VistaCss/index')
 4 SYSTEMPATH\CodeIgniter.php(933): App\Controllers\trabajoEnClase\Semana_10Controller->index()
 5 SYSTEMPATH\CodeIgniter.php(507): CodeIgniter\CodeIgniter->runController(Object(App\Controllers\trabajoEnClase\Semana_10Controller))
 6 SYSTEMPATH\CodeIgniter.php(354): CodeIgniter\CodeIgniter->handleRequest(null, Object(Config\Cache), false)
 7 SYSTEMPATH\Boot.php(334): CodeIgniter\CodeIgniter->run()
 8 SYSTEMPATH\Boot.php(67): CodeIgniter\Boot::runCodeIgniter(Object(CodeIgniter\CodeIgniter))
 9 FCPATH\index.php(59): CodeIgniter\Boot::bootWeb(Object(Config\Paths))
CRITICAL - 2025-07-03 23:33:27 --> CodeIgniter\View\Exceptions\ViewException: Invalid file: "semana_10/VistaCss/index.php"
[Method: GET, Route: trabajos/semana10]
in SYSTEMPATH\Exceptions\FrameworkException.php on line 39.
 1 SYSTEMPATH\View\View.php(212): CodeIgniter\Exceptions\FrameworkException::forInvalidFile('semana_10/VistaCss/index.php')
 2 SYSTEMPATH\Common.php(1173): CodeIgniter\View\View->render('semana_10/VistaCss/index', [], true)
 3 APPPATH\Controllers\trabajoEnClase\Semana_10Controller.php(14): view('semana_10/VistaCss/index')
 4 SYSTEMPATH\CodeIgniter.php(933): App\Controllers\trabajoEnClase\Semana_10Controller->index()
 5 SYSTEMPATH\CodeIgniter.php(507): CodeIgniter\CodeIgniter->runController(Object(App\Controllers\trabajoEnClase\Semana_10Controller))
 6 SYSTEMPATH\CodeIgniter.php(354): CodeIgniter\CodeIgniter->handleRequest(null, Object(Config\Cache), false)
 7 SYSTEMPATH\Boot.php(334): CodeIgniter\CodeIgniter->run()
 8 SYSTEMPATH\Boot.php(67): CodeIgniter\Boot::runCodeIgniter(Object(CodeIgniter\CodeIgniter))
 9 FCPATH\index.php(59): CodeIgniter\Boot::bootWeb(Object(Config\Paths))
